Log file open, 03/03/22 10:57:23
LogWindows: Failed to load 'aqProf.dll' (GetLastError=126)
LogWindows: File 'aqProf.dll' does not exist
LogWindows: Failed to load 'VtuneApi.dll' (GetLastError=126)
LogWindows: File 'VtuneApi.dll' does not exist
LogWindows: Failed to load 'VtuneApi32e.dll' (GetLastError=126)
LogWindows: File 'VtuneApi32e.dll' does not exist
LogConsoleResponse: Display: Failed to find resolution value strings in scalability ini. Falling back to default.
LogConsoleResponse: Display: Failed to find resolution value strings in scalability ini. Falling back to default.
LogInit: Display: Running engine for game: Sausage_Simulator
LogPlatformFile: Not using cached read wrapper
LogTaskGraph: Started task graph with 5 named threads and 23 total threads with 3 sets of task threads.
LogStats: Stats thread started at 0.286521
LogICUInternationalization: ICU TimeZone Detection - Raw Offset: +1:00, Platform Override: ''
LogInit: Display: Loading text-based GConfig....
LogPluginManager: Mounting plugin MeshPainting
LogPluginManager: Mounting plugin XGEController
LogPluginManager: Mounting plugin Paper2D
LogPluginManager: Mounting plugin AISupport
LogPluginManager: Mounting plugin EnvironmentQueryEditor
LogPluginManager: Mounting plugin LightPropagationVolume
LogPluginManager: Mounting plugin LiveLink
LogPluginManager: Mounting plugin CameraShakePreviewer
LogPluginManager: Mounting plugin GameplayCameras
LogPluginManager: Mounting plugin OodleData
LogPluginManager: Mounting plugin OodleNetwork
LogPluginManager: Mounting plugin AssetManagerEditor
LogPluginManager: Mounting plugin AnimationSharing
LogPluginManager: Mounting plugin CLionSourceCodeAccess
LogPluginManager: Mounting plugin CodeLiteSourceCodeAccess
LogPluginManager: Mounting plugin GitSourceControl
LogPluginManager: Mounting plugin KDevelopSourceCodeAccess
LogPluginManager: Mounting plugin NullSourceCodeAccess
LogPluginManager: Mounting plugin PerforceSourceControl
LogPluginManager: Mounting plugin PlasticSourceControl
LogPluginManager: Mounting plugin PluginUtils
LogPluginManager: Mounting plugin PropertyAccessNode
LogPluginManager: Mounting plugin PixWinPlugin
LogPluginManager: Mounting plugin RiderSourceCodeAccess
LogPluginManager: Mounting plugin SubversionSourceControl
LogPluginManager: Mounting plugin TextureFormatOodle
LogPluginManager: Mounting plugin UObjectPlugin
LogPluginManager: Mounting plugin VisualStudioSourceCodeAccess
LogPluginManager: Mounting plugin XCodeSourceCodeAccess
LogPluginManager: Mounting plugin DatasmithContent
LogPluginManager: Mounting plugin VisualStudioCodeSourceCodeAccess
LogPluginManager: Mounting plugin CryptoKeys
LogPluginManager: Mounting plugin DataValidation
LogPluginManager: Mounting plugin VariantManagerContent
LogPluginManager: Mounting plugin FacialAnimation
LogPluginManager: Mounting plugin AlembicImporter
LogPluginManager: Mounting plugin GameplayTagsEditor
LogPluginManager: Mounting plugin GeometryMode
LogPluginManager: Mounting plugin MacGraphicsSwitching
LogPluginManager: Mounting plugin AutomationUtils
LogPluginManager: Mounting plugin MaterialAnalyzer
LogPluginManager: Mounting plugin BackChannel
LogPluginManager: Mounting plugin PluginBrowser
LogPluginManager: Mounting plugin MobileLauncherProfileWizard
LogPluginManager: Mounting plugin SpeedTreeImporter
LogPluginManager: Mounting plugin ChaosCloth
LogPluginManager: Mounting plugin ChaosEditor
LogPluginManager: Mounting plugin ChaosClothEditor
LogPluginManager: Mounting plugin ChaosNiagara
LogPluginManager: Mounting plugin ChaosSolverPlugin
LogPluginManager: Mounting plugin CharacterAI
LogPluginManager: Mounting plugin GeometryCache
LogPluginManager: Mounting plugin CurveEditorTools
LogPluginManager: Mounting plugin GeometryCollectionPlugin
LogPluginManager: Mounting plugin MagicLeap
LogPluginManager: Mounting plugin LuminPlatformFeatures
LogPluginManager: Mounting plugin MagicLeapLightEstimation
LogPluginManager: Mounting plugin MagicLeapMedia
LogPluginManager: Mounting plugin MagicLeapPassableWorld
LogPluginManager: Mounting plugin MLSDK
LogPluginManager: Mounting plugin GeometryProcessing
LogPluginManager: Mounting plugin MotoSynth
LogPluginManager: Mounting plugin OpenImageDenoise
LogPluginManager: Mounting plugin PlanarCut
LogPluginManager: Mounting plugin ProxyLODPlugin
LogPluginManager: Mounting plugin PlatformCrypto
LogPluginManager: Mounting plugin PythonScriptPlugin
LogPluginManager: Mounting plugin SkeletalReduction
LogPluginManager: Mounting plugin AndroidMedia
LogPluginManager: Mounting plugin AvfMedia
LogPluginManager: Mounting plugin ImgMedia
LogPluginManager: Mounting plugin MediaCompositing
LogPluginManager: Mounting plugin MediaPlayerEditor
LogPluginManager: Mounting plugin WebMMedia
LogPluginManager: Mounting plugin WmfMedia
LogPluginManager: Mounting plugin UdpMessaging
LogPluginManager: Mounting plugin TcpMessaging
LogPluginManager: Mounting plugin OnlineSubsystem
LogPluginManager: Mounting plugin OnlineSubsystemNull
LogPluginManager: Mounting plugin OnlineSubsystemUtils
LogPluginManager: Mounting plugin Niagara
LogPluginManager: Mounting plugin LauncherChunkInstaller
LogPluginManager: Mounting plugin ActorLayerUtilities
LogPluginManager: Mounting plugin AndroidDeviceProfileSelector
LogPluginManager: Mounting plugin AndroidMoviePlayer
LogPluginManager: Mounting plugin AndroidPermission
LogPluginManager: Mounting plugin ActorSequence
LogPluginManager: Mounting plugin LevelSequenceEditor
LogPluginManager: Mounting plugin MatineeToLevelSequence
LogPluginManager: Mounting plugin TemplateSequence
LogPluginManager: Mounting plugin AppleMoviePlayer
LogPluginManager: Mounting plugin AssetTags
LogPluginManager: Mounting plugin AudioCapture
LogPluginManager: Mounting plugin ArchVisCharacter
LogPluginManager: Mounting plugin AudioSynesthesia
LogPluginManager: Mounting plugin CableComponent
LogPluginManager: Mounting plugin CustomMeshComponent
LogPluginManager: Mounting plugin AppleImageUtils
LogPluginManager: Mounting plugin EditableMesh
LogPluginManager: Mounting plugin ExampleDeviceProfileSelector
LogPluginManager: Mounting plugin GoogleCloudMessaging
LogPluginManager: Mounting plugin GooglePAD
LogPluginManager: Mounting plugin ChunkDownloader
LogPluginManager: Mounting plugin IOSDeviceProfileSelector
LogPluginManager: Mounting plugin LinuxDeviceProfileSelector
LogPluginManager: Mounting plugin LocationServicesBPLibrary
LogPluginManager: Mounting plugin MobilePatchingUtils
LogPluginManager: Mounting plugin OpenXR
LogPluginManager: Mounting plugin ScreenshotTools
LogPluginManager: Mounting plugin OpenXREyeTracker
LogPluginManager: Mounting plugin OpenXRHandTracking
LogPluginManager: Mounting plugin PhysXVehicles
LogPluginManager: Mounting plugin PostSplashScreen
LogPluginManager: Mounting plugin PropertyAccessEditor
LogPluginManager: Mounting plugin ProceduralMeshComponent
LogPluginManager: Mounting plugin RuntimePhysXCooking
LogPluginManager: Mounting plugin SignificanceManager
LogPluginManager: Mounting plugin SoundFields
LogPluginManager: Mounting plugin Synthesis
LogPluginManager: Mounting plugin WebMMoviePlayer
LogPluginManager: Mounting plugin WindowsMoviePlayer
LogPluginManager: Mounting plugin Takes
LogPluginManager: Mounting plugin ContentBrowserAssetDataSource
LogPluginManager: Mounting plugin ContentBrowserClassDataSource
LogPluginManager: Mounting plugin ContentBrowserFileDataSource
LogPluginManager: Mounting plugin OnlineSubsystemGooglePlay
LogPluginManager: Mounting plugin OnlineSubsystemIOS
LogPluginManager: Mounting plugin OculusVR
LogPluginManager: Mounting plugin SteamVR
PixWinPlugin: PIX capture plugin failed to initialize! Check that the process is launched from PIX.
LogInit: Using libcurl 7.55.1-DEV
LogInit:  - built for x86_64-pc-win32
LogInit:  - supports SSL with OpenSSL/1.1.1
LogInit:  - supports HTTP deflate (compression) using libz 1.2.8
LogInit:  - other features:
LogInit:      CURL_VERSION_SSL
LogInit:      CURL_VERSION_LIBZ
LogInit:      CURL_VERSION_IPV6
LogInit:      CURL_VERSION_ASYNCHDNS
LogInit:      CURL_VERSION_LARGEFILE
LogInit:      CURL_VERSION_IDN
LogInit:  CurlRequestOptions (configurable via config and command line):
LogInit:  - bVerifyPeer = true  - Libcurl will verify peer certificate
LogInit:  - bUseHttpProxy = false  - Libcurl will NOT use HTTP proxy
LogInit:  - bDontReuseConnections = false  - Libcurl will reuse connections
LogInit:  - MaxHostConnections = 16  - Libcurl will limit the number of connections to a host
LogInit:  - LocalHostAddr = Default
LogInit:  - BufferSize = 65536
LogOnline: OSS: Creating online subsystem instance for: NULL
LogInit: WinSock: version 1.1 (2.2), MaxSocks=32767, MaxUdp=65467
LogOnline: OSS: TryLoadSubsystemAndSetDefault: Loaded subsystem for module [NULL]
LogOculusPluginWrapper: OculusPlugin initialized successfully
LogHMD: Failed initializing OVRPlugin 1.59.0
LogInit: Build: ++UE4+Release-4.27-CL-18319896
LogInit: Engine Version: 4.27.2-18319896+++UE4+Release-4.27
LogInit: Compatible Engine Version: 4.27.0-17155196+++UE4+Release-4.27
LogInit: Net CL: 17155196
LogInit: OS: Windows 10 (Release 2009) (), CPU: AMD Ryzen 5 3400G with Radeon Vega Graphics    , GPU: AMD 15D8:C8
LogInit: Compiled (64-bit): Nov 30 2021 07:12:08
LogInit: Compiled with Visual C++: 19.24.28315.00
LogInit: Build Configuration: Development
LogInit: Branch Name: ++UE4+Release-4.27
LogInit: Command Line:  /Game/World1/World1 -game -PIEVIACONSOLE -Multiprocess "GameUserSettingsINI=C:/Users/maxim/Desktop/Sausage Simulator/Sausage-simulator/Sausage_Simulator/Saved/Config/Windows/PIEGameUserSettings0.ini" -MultiprocessSaveConfig -forcepassthrough -messaging -SessionName="Play in Standalone Game" -featureleveles31 -faketouches -MultiprocessSaveConfig -windowed -ResX=405 -ResY=853
LogInit: Base Directory: C:/UE_4.27/Engine/Binaries/Win64/
LogInit: Allocator: TBB
LogInit: Installed Engine Build: 1
LogDevObjectVersion: Number of dev versions registered: 29
LogDevObjectVersion:   Dev-Blueprints (B0D832E4-1F89-4F0D-ACCF-7EB736FD4AA2): 10
LogDevObjectVersion:   Dev-Build (E1C64328-A22C-4D53-A36C-8E866417BD8C): 0
LogDevObjectVersion:   Dev-Core (375EC13C-06E4-48FB-B500-84F0262A717E): 4
LogDevObjectVersion:   Dev-Editor (E4B068ED-F494-42E9-A231-DA0B2E46BB41): 40
LogDevObjectVersion:   Dev-Framework (CFFC743F-43B0-4480-9391-14DF171D2073): 37
LogDevObjectVersion:   Dev-Mobile (B02B49B5-BB20-44E9-A304-32B752E40360): 3
LogDevObjectVersion:   Dev-Networking (A4E4105C-59A1-49B5-A7C5-40C4547EDFEE): 0
LogDevObjectVersion:   Dev-Online (39C831C9-5AE6-47DC-9A44-9C173E1C8E7C): 0
LogDevObjectVersion:   Dev-Physics (78F01B33-EBEA-4F98-B9B4-84EACCB95AA2): 14
LogDevObjectVersion:   Dev-Platform (6631380F-2D4D-43E0-8009-CF276956A95A): 0
LogDevObjectVersion:   Dev-Rendering (12F88B9F-8875-4AFC-A67C-D90C383ABD29): 45
LogDevObjectVersion:   Dev-Sequencer (7B5AE74C-D270-4C10-A958-57980B212A5A): 13
LogDevObjectVersion:   Dev-VR (D7296918-1DD6-4BDD-9DE2-64A83CC13884): 3
LogDevObjectVersion:   Dev-LoadTimes (C2A15278-BFE7-4AFE-6C17-90FF531DF755): 1
LogDevObjectVersion:   Private-Geometry (6EACA3D4-40EC-4CC1-B786-8BED09428FC5): 3
LogDevObjectVersion:   Dev-AnimPhys (29E575DD-E0A3-4627-9D10-D276232CDCEA): 17
LogDevObjectVersion:   Dev-Anim (AF43A65D-7FD3-4947-9873-3E8ED9C1BB05): 15
LogDevObjectVersion:   Dev-ReflectionCapture (6B266CEC-1EC7-4B8F-A30B-E4D90942FC07): 1
LogDevObjectVersion:   Dev-Automation (0DF73D61-A23F-47EA-B727-89E90C41499A): 1
LogDevObjectVersion:   FortniteMain (601D1886-AC64-4F84-AA16-D3DE0DEAC7D6): 47
LogDevObjectVersion:   FortniteRelease (E7086368-6B23-4C58-8439-1B7016265E91): 1
LogDevObjectVersion:   Dev-Enterprise (9DFFBCD6-494F-0158-E221-12823C92A888): 10
LogDevObjectVersion:   Dev-Niagara (F2AED0AC-9AFE-416F-8664-AA7FFA26D6FC): 1
LogDevObjectVersion:   Dev-Destruction (174F1F0B-B4C6-45A5-B13F-2EE8D0FB917D): 10
LogDevObjectVersion:   Dev-Physics-Ext (35F94A83-E258-406C-A318-09F59610247C): 41
LogDevObjectVersion:   Dev-PhysicsMaterial-Chaos (B68FC16E-8B1B-42E2-B453-215C058844FE): 1
LogDevObjectVersion:   Dev-CineCamera (B2E18506-4273-CFC2-A54E-F4BB758BBA07): 1
LogDevObjectVersion:   Dev-VirtualProduction (64F58936-FD1B-42BA-BA96-7289D5D0FA4E): 1
LogDevObjectVersion:   Dev-MediaFramework (6F0ED827-A609-4895-9C91-998D90180EA4): 2
LogInit: Presizing for max 25165824 objects, including 0 objects not considered by GC, pre-allocating 0 bytes for permanent pool.
LogConfig: Applying CVar settings from Section [/Script/Engine.StreamingSettings] File [C:/Users/maxim/Desktop/Sausage Simulator/Sausage-simulator/Sausage_Simulator/Saved/Config/Windows/Engine.ini]
LogConfig: Setting CVar [[s.MinBulkDataSizeForAsyncLoading:131072]]
LogConfig: Setting CVar [[s.AsyncLoadingThreadEnabled:0]]
LogConfig: Setting CVar [[s.EventDrivenLoaderEnabled:1]]
LogConfig: Setting CVar [[s.WarnIfTimeLimitExceeded:0]]
LogConfig: Setting CVar [[s.TimeLimitExceededMultiplier:1.5]]
LogConfig: Setting CVar [[s.TimeLimitExceededMinTime:0.005]]
LogConfig: Setting CVar [[s.UseBackgroundLevelStreaming:1]]
LogConfig: Setting CVar [[s.PriorityAsyncLoadingExtraTime:15.0]]
LogConfig: Setting CVar [[s.LevelStreamingActorsUpdateTimeLimit:5.0]]
LogConfig: Setting CVar [[s.PriorityLevelStreamingActorsUpdateExtraTime:5.0]]
LogConfig: Setting CVar [[s.LevelStreamingComponentsRegistrationGranularity:10]]
LogConfig: Setting CVar [[s.UnregisterComponentsTimeLimit:1.0]]
LogConfig: Setting CVar [[s.LevelStreamingComponentsUnregistrationGranularity:5]]
LogConfig: Setting CVar [[s.FlushStreamingOnExit:1]]
LogInit: Object subsystem initialized
LogConfig: Setting CVar [[con.DebugEarlyDefault:1]]
LogConfig: Setting CVar [[r.setres:1280x720]]
[2022.03.03-09.57.24:723][  0]LogConfig: Setting CVar [[con.DebugEarlyDefault:1]]
[2022.03.03-09.57.24:724][  0]LogConfig: Setting CVar [[r.setres:1280x720]]
[2022.03.03-09.57.24:724][  0]LogConfig: Applying CVar settings from Section [/Script/Engine.RendererSettings] File [C:/Users/maxim/Desktop/Sausage Simulator/Sausage-simulator/Sausage_Simulator/Saved/Config/Windows/Engine.ini]
[2022.03.03-09.57.24:724][  0]LogConfig: Setting CVar [[r.GPUCrashDebugging:0]]
[2022.03.03-09.57.24:724][  0]LogConfig: Setting CVar [[r.Mobile.DisableVertexFog:1]]
[2022.03.03-09.57.24:724][  0]LogConfig: Setting CVar [[r.Shadow.CSM.MaxMobileCascades:2]]
[2022.03.03-09.57.24:724][  0]LogConfig: Setting CVar [[r.MobileMSAA:1]]
[2022.03.03-09.57.24:724][  0]LogConfig: Setting CVar [[r.Mobile.AllowDitheredLODTransition:0]]
[2022.03.03-09.57.24:724][  0]LogConfig: Setting CVar [[r.Mobile.AllowSoftwareOcclusion:0]]
[2022.03.03-09.57.24:724][  0]LogConfig: Setting CVar [[r.Mobile.VirtualTextures:0]]
[2022.03.03-09.57.24:724][  0]LogConfig: Setting CVar [[r.DiscardUnusedQuality:0]]
[2022.03.03-09.57.24:724][  0]LogConfig: Setting CVar [[r.AllowOcclusionQueries:1]]
[2022.03.03-09.57.24:724][  0]LogConfig: Setting CVar [[r.MinScreenRadiusForLights:0.030000]]
[2022.03.03-09.57.24:724][  0]LogConfig: Setting CVar [[r.MinScreenRadiusForDepthPrepass:0.030000]]
[2022.03.03-09.57.24:724][  0]LogConfig: Setting CVar [[r.MinScreenRadiusForCSMDepth:0.010000]]
[2022.03.03-09.57.24:724][  0]LogConfig: Setting CVar [[r.PrecomputedVisibilityWarning:0]]
[2022.03.03-09.57.24:724][  0]LogConfig: Setting CVar [[r.TextureStreaming:1]]
[2022.03.03-09.57.24:724][  0]LogConfig: Setting CVar [[Compat.UseDXT5NormalMaps:0]]
[2022.03.03-09.57.24:724][  0]LogConfig: Setting CVar [[r.VirtualTextures:0]]
[2022.03.03-09.57.24:724][  0]LogConfig: Setting CVar [[r.VT.EnableAutoImport:1]]
[2022.03.03-09.57.24:724][  0]LogConfig: Setting CVar [[r.VirtualTexturedLightmaps:0]]
[2022.03.03-09.57.24:724][  0]LogConfig: Setting CVar [[r.VT.TileSize:128]]
[2022.03.03-09.57.24:724][  0]LogConfig: Setting CVar [[r.VT.TileBorderSize:4]]
[2022.03.03-09.57.24:724][  0]LogConfig: Setting CVar [[r.vt.FeedbackFactor:16]]
[2022.03.03-09.57.24:724][  0]LogConfig: Setting CVar [[r.VT.EnableCompressZlib:1]]
[2022.03.03-09.57.24:724][  0]LogConfig: Setting CVar [[r.VT.EnableCompressCrunch:0]]
[2022.03.03-09.57.24:724][  0]LogConfig: Setting CVar [[r.ClearCoatNormal:0]]
[2022.03.03-09.57.24:724][  0]LogConfig: Setting CVar [[r.ReflectionCaptureResolution:128]]
[2022.03.03-09.57.24:724][  0]LogConfig: Setting CVar [[r.Mobile.ReflectionCaptureCompression:0]]
[2022.03.03-09.57.24:724][  0]LogConfig: Setting CVar [[r.ReflectionEnvironmentLightmapMixBasedOnRoughness:1]]
[2022.03.03-09.57.24:724][  0]LogConfig: Setting CVar [[r.ForwardShading:0]]
[2022.03.03-09.57.24:724][  0]LogConfig: Setting CVar [[r.VertexFoggingForOpaque:1]]
[2022.03.03-09.57.24:724][  0]LogConfig: Setting CVar [[r.AllowStaticLighting:1]]
[2022.03.03-09.57.24:724][  0]LogConfig: Setting CVar [[r.NormalMapsForStaticLighting:0]]
[2022.03.03-09.57.24:724][  0]LogConfig: Setting CVar [[r.GenerateMeshDistanceFields:0]]
[2022.03.03-09.57.24:724][  0]LogConfig: Setting CVar [[r.DistanceFieldBuild.EightBit:0]]
[2022.03.03-09.57.24:724][  0]LogConfig: Setting CVar [[r.GenerateLandscapeGIData:0]]
[2022.03.03-09.57.24:724][  0]LogConfig: Setting CVar [[r.DistanceFieldBuild.Compress:0]]
[2022.03.03-09.57.24:724][  0]LogConfig: Setting CVar [[r.TessellationAdaptivePixelsPerTriangle:48.000000]]
[2022.03.03-09.57.24:724][  0]LogConfig: Setting CVar [[r.SeparateTranslucency:0]]
[2022.03.03-09.57.24:724][  0]LogConfig: Setting CVar [[r.TranslucentSortPolicy:0]]
[2022.03.03-09.57.24:724][  0]LogConfig: Setting CVar [[vr.VRS.HMDFixedFoveationLevel:0]]
[2022.03.03-09.57.24:724][  0]LogConfig: Setting CVar [[r.CustomDepth:1]]
[2022.03.03-09.57.24:724][  0]LogConfig: Setting CVar [[r.CustomDepthTemporalAAJitter:1]]
[2022.03.03-09.57.24:724][  0]LogConfig: Setting CVar [[r.PostProcessing.PropagateAlpha:0]]
[2022.03.03-09.57.24:724][  0]LogConfig: Setting CVar [[r.DefaultFeature.Bloom:1]]
[2022.03.03-09.57.24:724][  0]LogConfig: Setting CVar [[r.DefaultFeature.AmbientOcclusion:0]]
[2022.03.03-09.57.24:724][  0]LogConfig: Setting CVar [[r.DefaultFeature.AmbientOcclusionStaticFraction:1]]
[2022.03.03-09.57.24:724][  0]LogConfig: Setting CVar [[r.DefaultFeature.AutoExposure:0]]
[2022.03.03-09.57.24:724][  0]LogConfig: Setting CVar [[r.DefaultFeature.AutoExposure.Method:0]]
[2022.03.03-09.57.24:724][  0]LogConfig: Setting CVar [[r.DefaultFeature.AutoExposure.Bias:1.000000]]
[2022.03.03-09.57.24:724][  0]LogConfig: Setting CVar [[r.DefaultFeature.AutoExposure.ExtendDefaultLuminanceRange:0]]
[2022.03.03-09.57.24:724][  0]LogConfig: Setting CVar [[r.UsePreExposure:1]]
[2022.03.03-09.57.24:724][  0]LogConfig: Setting CVar [[r.EyeAdaptation.EditorOnly:0]]
[2022.03.03-09.57.24:724][  0]LogConfig: Setting CVar [[r.DefaultFeature.MotionBlur:0]]
[2022.03.03-09.57.24:724][  0]LogConfig: Setting CVar [[r.DefaultFeature.LensFlare:0]]
[2022.03.03-09.57.24:724][  0]LogConfig: Setting CVar [[r.TemporalAA.Upsampling:0]]
[2022.03.03-09.57.24:724][  0]LogConfig: Setting CVar [[r.SSGI.Enable:0]]
[2022.03.03-09.57.24:724][  0]LogConfig: Setting CVar [[r.DefaultFeature.AntiAliasing:0]]
[2022.03.03-09.57.24:724][  0]LogConfig: Setting CVar [[r.DefaultFeature.LightUnits:1]]
[2022.03.03-09.57.24:724][  0]LogConfig: Setting CVar [[r.DefaultBackBufferPixelFormat:4]]
[2022.03.03-09.57.24:724][  0]LogConfig: Setting CVar [[r.Shadow.UnbuiltPreviewInGame:1]]
[2022.03.03-09.57.24:724][  0]LogConfig: Setting CVar [[r.StencilForLODDither:0]]
[2022.03.03-09.57.24:725][  0]LogConfig: Setting CVar [[r.EarlyZPass:3]]
[2022.03.03-09.57.24:725][  0]LogConfig: Setting CVar [[r.EarlyZPassOnlyMaterialMasking:0]]
[2022.03.03-09.57.24:725][  0]LogConfig: Setting CVar [[r.DBuffer:1]]
[2022.03.03-09.57.24:725][  0]LogConfig: Setting CVar [[r.ClearSceneMethod:1]]
[2022.03.03-09.57.24:725][  0]LogConfig: Setting CVar [[r.BasePassOutputsVelocity:0]]
[2022.03.03-09.57.24:725][  0]LogConfig: Setting CVar [[r.VertexDeformationOutputsVelocity:0]]
[2022.03.03-09.57.24:725][  0]LogConfig: Setting CVar [[r.SelectiveBasePassOutputs:0]]
[2022.03.03-09.57.24:725][  0]LogConfig: Setting CVar [[fx.GPUSimulationTextureSizeX:1024]]
[2022.03.03-09.57.24:725][  0]LogConfig: Setting CVar [[fx.GPUSimulationTextureSizeY:1024]]
[2022.03.03-09.57.24:725][  0]LogConfig: Setting CVar [[r.AllowGlobalClipPlane:0]]
[2022.03.03-09.57.24:725][  0]LogConfig: Setting CVar [[r.GBufferFormat:1]]
[2022.03.03-09.57.24:725][  0]LogConfig: Setting CVar [[r.MorphTarget.Mode:1]]
[2022.03.03-09.57.24:725][  0]LogConfig: Setting CVar [[vr.InstancedStereo:0]]
[2022.03.03-09.57.24:725][  0]LogConfig: Setting CVar [[r.MobileHDR:1]]
[2022.03.03-09.57.24:725][  0]LogConfig: Setting CVar [[vr.MobileMultiView:0]]
[2022.03.03-09.57.24:725][  0]LogConfig: Setting CVar [[r.Mobile.UseHWsRGBEncoding:0]]
[2022.03.03-09.57.24:725][  0]LogConfig: Setting CVar [[vr.RoundRobinOcclusion:0]]
[2022.03.03-09.57.24:725][  0]LogConfig: Setting CVar [[vr.ODSCapture:0]]
[2022.03.03-09.57.24:725][  0]LogConfig: Setting CVar [[r.MeshStreaming:0]]
[2022.03.03-09.57.24:725][  0]LogConfig: Setting CVar [[r.WireframeCullThreshold:5.000000]]
[2022.03.03-09.57.24:725][  0]LogConfig: Setting CVar [[r.RayTracing:0]]
[2022.03.03-09.57.24:725][  0]LogConfig: Setting CVar [[r.RayTracing.UseTextureLod:0]]
[2022.03.03-09.57.24:725][  0]LogConfig: Setting CVar [[r.SupportStationarySkylight:1]]
[2022.03.03-09.57.24:725][  0]LogConfig: Setting CVar [[r.SupportLowQualityLightmaps:1]]
[2022.03.03-09.57.24:725][  0]LogConfig: Setting CVar [[r.SupportPointLightWholeSceneShadows:1]]
[2022.03.03-09.57.24:725][  0]LogConfig: Setting CVar [[r.SupportAtmosphericFog:1]]
[2022.03.03-09.57.24:725][  0]LogConfig: Setting CVar [[r.SupportSkyAtmosphere:1]]
[2022.03.03-09.57.24:725][  0]LogConfig: Setting CVar [[r.SupportSkyAtmosphereAffectsHeightFog:0]]
[2022.03.03-09.57.24:725][  0]LogConfig: Setting CVar [[r.SkinCache.CompileShaders:0]]
[2022.03.03-09.57.24:725][  0]LogConfig: Setting CVar [[r.SkinCache.DefaultBehavior:1]]
[2022.03.03-09.57.24:725][  0]LogConfig: Setting CVar [[r.SkinCache.SceneMemoryLimitInMB:128.000000]]
[2022.03.03-09.57.24:725][  0]LogConfig: Setting CVar [[r.Mobile.EnableStaticAndCSMShadowReceivers:1]]
[2022.03.03-09.57.24:725][  0]LogConfig: Setting CVar [[r.Mobile.EnableMovableLightCSMShaderCulling:1]]
[2022.03.03-09.57.24:725][  0]LogConfig: Setting CVar [[r.Mobile.AllowDistanceFieldShadows:1]]
[2022.03.03-09.57.24:725][  0]LogConfig: Setting CVar [[r.Mobile.AllowMovableDirectionalLights:1]]
[2022.03.03-09.57.24:725][  0]LogConfig: Setting CVar [[r.MobileNumDynamicPointLights:4]]
[2022.03.03-09.57.24:725][  0]LogConfig: Setting CVar [[r.MobileDynamicPointLightsUseStaticBranch:1]]
[2022.03.03-09.57.24:725][  0]LogConfig: Setting CVar [[r.Mobile.EnableMovableSpotlights:0]]
[2022.03.03-09.57.24:725][  0]LogConfig: Setting CVar [[r.Mobile.EnableMovableSpotlightsShadow:0]]
[2022.03.03-09.57.24:725][  0]LogConfig: Setting CVar [[r.GPUSkin.Support16BitBoneIndex:0]]
[2022.03.03-09.57.24:725][  0]LogConfig: Setting CVar [[r.GPUSkin.Limit2BoneInfluences:0]]
[2022.03.03-09.57.24:725][  0]LogConfig: Setting CVar [[r.SupportDepthOnlyIndexBuffers:1]]
[2022.03.03-09.57.24:725][  0]LogConfig: Setting CVar [[r.SupportReversedIndexBuffers:1]]
[2022.03.03-09.57.24:725][  0]LogConfig: Setting CVar [[r.LightPropagationVolume:0]]
[2022.03.03-09.57.24:725][  0]LogConfig: Setting CVar [[r.Mobile.AmbientOcclusion:0]]
[2022.03.03-09.57.24:725][  0]LogConfig: Setting CVar [[r.GPUSkin.UnlimitedBoneInfluences:0]]
[2022.03.03-09.57.24:725][  0]LogConfig: Setting CVar [[r.GPUSkin.UnlimitedBoneInfluencesThreshold:8]]
[2022.03.03-09.57.24:725][  0]LogConfig: Setting CVar [[r.Mobile.PlanarReflectionMode:0]]
[2022.03.03-09.57.24:725][  0]LogConfig: Setting CVar [[r.Mobile.SupportsGen4TAA:0]]
[2022.03.03-09.57.24:725][  0]LogConfig: Applying CVar settings from Section [/Script/Engine.RendererOverrideSettings] File [C:/Users/maxim/Desktop/Sausage Simulator/Sausage-simulator/Sausage_Simulator/Saved/Config/Windows/Engine.ini]
[2022.03.03-09.57.24:725][  0]LogConfig: Applying CVar settings from Section [/Script/Engine.StreamingSettings] File [C:/Users/maxim/Desktop/Sausage Simulator/Sausage-simulator/Sausage_Simulator/Saved/Config/Windows/Engine.ini]
[2022.03.03-09.57.24:725][  0]LogConfig: Setting CVar [[s.MinBulkDataSizeForAsyncLoading:131072]]
[2022.03.03-09.57.24:725][  0]LogConfig: Setting CVar [[s.AsyncLoadingThreadEnabled:0]]
[2022.03.03-09.57.24:725][  0]LogConfig: Setting CVar [[s.EventDrivenLoaderEnabled:1]]
[2022.03.03-09.57.24:725][  0]LogConfig: Setting CVar [[s.WarnIfTimeLimitExceeded:0]]
[2022.03.03-09.57.24:725][  0]LogConfig: Setting CVar [[s.TimeLimitExceededMultiplier:1.5]]
[2022.03.03-09.57.24:725][  0]LogConfig: Setting CVar [[s.TimeLimitExceededMinTime:0.005]]
[2022.03.03-09.57.24:725][  0]LogConfig: Setting CVar [[s.UseBackgroundLevelStreaming:1]]
[2022.03.03-09.57.24:725][  0]LogConfig: Setting CVar [[s.PriorityAsyncLoadingExtraTime:15.0]]
[2022.03.03-09.57.24:725][  0]LogConfig: Setting CVar [[s.LevelStreamingActorsUpdateTimeLimit:5.0]]
[2022.03.03-09.57.24:725][  0]LogConfig: Setting CVar [[s.PriorityLevelStreamingActorsUpdateExtraTime:5.0]]
[2022.03.03-09.57.24:725][  0]LogConfig: Setting CVar [[s.LevelStreamingComponentsRegistrationGranularity:10]]
[2022.03.03-09.57.24:725][  0]LogConfig: Setting CVar [[s.UnregisterComponentsTimeLimit:1.0]]
[2022.03.03-09.57.24:725][  0]LogConfig: Setting CVar [[s.LevelStreamingComponentsUnregistrationGranularity:5]]
[2022.03.03-09.57.24:726][  0]LogConfig: Setting CVar [[s.FlushStreamingOnExit:1]]
[2022.03.03-09.57.24:726][  0]LogConfig: Applying CVar settings from Section [/Script/Engine.GarbageCollectionSettings] File [C:/Users/maxim/Desktop/Sausage Simulator/Sausage-simulator/Sausage_Simulator/Saved/Config/Windows/Engine.ini]
[2022.03.03-09.57.24:726][  0]LogConfig: Setting CVar [[gc.MaxObjectsNotConsideredByGC:1]]
[2022.03.03-09.57.24:726][  0]LogConfig: Setting CVar [[gc.SizeOfPermanentObjectPool:0]]
[2022.03.03-09.57.24:726][  0]LogConfig: Setting CVar [[gc.FlushStreamingOnGC:0]]
[2022.03.03-09.57.24:726][  0]LogConfig: Setting CVar [[gc.NumRetriesBeforeForcingGC:10]]
[2022.03.03-09.57.24:726][  0]LogConfig: Setting CVar [[gc.AllowParallelGC:1]]
[2022.03.03-09.57.24:726][  0]LogConfig: Setting CVar [[gc.TimeBetweenPurgingPendingKillObjects:61.1]]
[2022.03.03-09.57.24:726][  0]LogConfig: Setting CVar [[gc.MaxObjectsInEditor:25165824]]
[2022.03.03-09.57.24:726][  0]LogConfig: Setting CVar [[gc.IncrementalBeginDestroyEnabled:1]]
[2022.03.03-09.57.24:726][  0]LogConfig: Setting CVar [[gc.CreateGCClusters:1]]
[2022.03.03-09.57.24:726][  0]LogConfig: Setting CVar [[gc.MinGCClusterSize:5]]
[2022.03.03-09.57.24:726][  0]LogConfig: Setting CVar [[gc.ActorClusteringEnabled:0]]
[2022.03.03-09.57.24:726][  0]LogConfig: Setting CVar [[gc.BlueprintClusteringEnabled:0]]
[2022.03.03-09.57.24:726][  0]LogConfig: Setting CVar [[gc.UseDisregardForGCOnDedicatedServers:0]]
[2022.03.03-09.57.24:726][  0]LogConfig: Setting CVar [[gc.MultithreadedDestructionEnabled:1]]
[2022.03.03-09.57.24:726][  0]LogConfig: Applying CVar settings from Section [/Script/Engine.NetworkSettings] File [C:/Users/maxim/Desktop/Sausage Simulator/Sausage-simulator/Sausage_Simulator/Saved/Config/Windows/Engine.ini]
[2022.03.03-09.57.24:726][  0]LogConfig: Applying CVar settings from Section [/Script/UnrealEd.CookerSettings] File [C:/Users/maxim/Desktop/Sausage Simulator/Sausage-simulator/Sausage_Simulator/Saved/Config/Windows/Engine.ini]
[2022.03.03-09.57.24:731][  0]LogConfig: Applying CVar settings from Section [ViewDistanceQuality@3] File [C:/Users/maxim/Desktop/Sausage Simulator/Sausage-simulator/Sausage_Simulator/Saved/Config/Windows/Scalability.ini]
[2022.03.03-09.57.24:731][  0]LogConfig: Setting CVar [[r.SkeletalMeshLODBias:0]]
[2022.03.03-09.57.24:731][  0]LogConfig: Setting CVar [[r.ViewDistanceScale:1.0]]
[2022.03.03-09.57.24:732][  0]LogConfig: Applying CVar settings from Section [AntiAliasingQuality@3] File [C:/Users/maxim/Desktop/Sausage Simulator/Sausage-simulator/Sausage_Simulator/Saved/Config/Windows/Scalability.ini]
[2022.03.03-09.57.24:732][  0]LogConfig: Setting CVar [[r.PostProcessAAQuality:4]]
[2022.03.03-09.57.24:732][  0]LogConfig: Applying CVar settings from Section [ShadowQuality@3] File [C:/Users/maxim/Desktop/Sausage Simulator/Sausage-simulator/Sausage_Simulator/Saved/Config/Windows/Scalability.ini]
[2022.03.03-09.57.24:732][  0]LogConfig: Setting CVar [[r.LightFunctionQuality:1]]
[2022.03.03-09.57.24:732][  0]LogConfig: Setting CVar [[r.ShadowQuality:5]]
[2022.03.03-09.57.24:732][  0]LogConfig: Setting CVar [[r.Shadow.CSM.MaxCascades:10]]
[2022.03.03-09.57.24:732][  0]LogConfig: Setting CVar [[r.Shadow.MaxResolution:2048]]
[2022.03.03-09.57.24:732][  0]LogConfig: Setting CVar [[r.Shadow.MaxCSMResolution:2048]]
[2022.03.03-09.57.24:732][  0]LogConfig: Setting CVar [[r.Shadow.RadiusThreshold:0.01]]
[2022.03.03-09.57.24:732][  0]LogConfig: Setting CVar [[r.Shadow.DistanceScale:1.0]]
[2022.03.03-09.57.24:732][  0]LogConfig: Setting CVar [[r.Shadow.CSM.TransitionScale:1.0]]
[2022.03.03-09.57.24:732][  0]LogConfig: Setting CVar [[r.Shadow.PreShadowResolutionFactor:1.0]]
[2022.03.03-09.57.24:732][  0]LogConfig: Setting CVar [[r.DistanceFieldShadowing:1]]
[2022.03.03-09.57.24:732][  0]LogConfig: Setting CVar [[r.DistanceFieldAO:1]]
[2022.03.03-09.57.24:732][  0]LogConfig: Setting CVar [[r.AOQuality:2]]
[2022.03.03-09.57.24:732][  0]LogConfig: Setting CVar [[r.VolumetricFog:1]]
[2022.03.03-09.57.24:732][  0]LogConfig: Setting CVar [[r.VolumetricFog.GridPixelSize:8]]
[2022.03.03-09.57.24:732][  0]LogConfig: Setting CVar [[r.VolumetricFog.GridSizeZ:128]]
[2022.03.03-09.57.24:732][  0]LogConfig: Setting CVar [[r.VolumetricFog.HistoryMissSupersampleCount:4]]
[2022.03.03-09.57.24:732][  0]LogConfig: Setting CVar [[r.LightMaxDrawDistanceScale:1]]
[2022.03.03-09.57.24:732][  0]LogConfig: Setting CVar [[r.CapsuleShadows:1]]
[2022.03.03-09.57.24:732][  0]LogConfig: Applying CVar settings from Section [PostProcessQuality@3] File [C:/Users/maxim/Desktop/Sausage Simulator/Sausage-simulator/Sausage_Simulator/Saved/Config/Windows/Scalability.ini]
[2022.03.03-09.57.24:732][  0]LogConfig: Setting CVar [[r.MotionBlurQuality:4]]
[2022.03.03-09.57.24:732][  0]LogConfig: Setting CVar [[r.AmbientOcclusionMipLevelFactor:0.4]]
[2022.03.03-09.57.24:732][  0]LogConfig: Setting CVar [[r.AmbientOcclusionMaxQuality:100]]
[2022.03.03-09.57.24:732][  0]LogConfig: Setting CVar [[r.AmbientOcclusionLevels:-1]]
[2022.03.03-09.57.24:732][  0]LogConfig: Setting CVar [[r.AmbientOcclusionRadiusScale:1.0]]
[2022.03.03-09.57.24:732][  0]LogConfig: Setting CVar [[r.DepthOfFieldQuality:2]]
[2022.03.03-09.57.24:732][  0]LogConfig: Setting CVar [[r.RenderTargetPoolMin:400]]
[2022.03.03-09.57.24:732][  0]LogConfig: Setting CVar [[r.LensFlareQuality:2]]
[2022.03.03-09.57.24:732][  0]LogConfig: Setting CVar [[r.SceneColorFringeQuality:1]]
[2022.03.03-09.57.24:732][  0]LogConfig: Setting CVar [[r.EyeAdaptationQuality:2]]
[2022.03.03-09.57.24:732][  0]LogConfig: Setting CVar [[r.BloomQuality:5]]
[2022.03.03-09.57.24:732][  0]LogConfig: Setting CVar [[r.FastBlurThreshold:100]]
[2022.03.03-09.57.24:732][  0]LogConfig: Setting CVar [[r.Upscale.Quality:3]]
[2022.03.03-09.57.24:732][  0]LogConfig: Setting CVar [[r.Tonemapper.GrainQuantization:1]]
[2022.03.03-09.57.24:732][  0]LogConfig: Setting CVar [[r.LightShaftQuality:1]]
[2022.03.03-09.57.24:732][  0]LogConfig: Setting CVar [[r.Filter.SizeScale:1]]
[2022.03.03-09.57.24:732][  0]LogConfig: Setting CVar [[r.Tonemapper.Quality:5]]
[2022.03.03-09.57.24:732][  0]LogConfig: Setting CVar [[r.DOF.Gather.AccumulatorQuality:1        ; higher gathering accumulator quality]]
[2022.03.03-09.57.24:732][  0]LogConfig: Setting CVar [[r.DOF.Gather.PostfilterMethod:1          ; Median3x3 postfilering method]]
[2022.03.03-09.57.24:732][  0]LogConfig: Setting CVar [[r.DOF.Gather.EnableBokehSettings:0       ; no bokeh simulation when gathering]]
[2022.03.03-09.57.24:732][  0]LogConfig: Setting CVar [[r.DOF.Gather.RingCount:4                 ; medium number of samples when gathering]]
[2022.03.03-09.57.24:732][  0]LogConfig: Setting CVar [[r.DOF.Scatter.ForegroundCompositing:1    ; additive foreground scattering]]
[2022.03.03-09.57.24:732][  0]LogConfig: Setting CVar [[r.DOF.Scatter.BackgroundCompositing:2    ; additive background scattering]]
[2022.03.03-09.57.24:732][  0]LogConfig: Setting CVar [[r.DOF.Scatter.EnableBokehSettings:1      ; bokeh simulation when scattering]]
[2022.03.03-09.57.24:732][  0]LogConfig: Setting CVar [[r.DOF.Scatter.MaxSpriteRatio:0.1         ; only a maximum of 10% of scattered bokeh]]
[2022.03.03-09.57.24:732][  0]LogConfig: Setting CVar [[r.DOF.Recombine.Quality:1                ; cheap slight out of focus]]
[2022.03.03-09.57.24:732][  0]LogConfig: Setting CVar [[r.DOF.Recombine.EnableBokehSettings:0    ; no bokeh simulation on slight out of focus]]
[2022.03.03-09.57.24:732][  0]LogConfig: Setting CVar [[r.DOF.TemporalAAQuality:1                ; more stable temporal accumulation]]
[2022.03.03-09.57.24:732][  0]LogConfig: Setting CVar [[r.DOF.Kernel.MaxForegroundRadius:0.025]]
[2022.03.03-09.57.24:732][  0]LogConfig: Setting CVar [[r.DOF.Kernel.MaxBackgroundRadius:0.025]]
[2022.03.03-09.57.24:732][  0]LogConfig: Applying CVar settings from Section [TextureQuality@3] File [C:/Users/maxim/Desktop/Sausage Simulator/Sausage-simulator/Sausage_Simulator/Saved/Config/Windows/Scalability.ini]
[2022.03.03-09.57.24:732][  0]LogConfig: Setting CVar [[r.Streaming.MipBias:0]]
[2022.03.03-09.57.24:732][  0]LogConfig: Setting CVar [[r.Streaming.AmortizeCPUToGPUCopy:0]]
[2022.03.03-09.57.24:732][  0]LogConfig: Setting CVar [[r.Streaming.MaxNumTexturesToStreamPerFrame:0]]
[2022.03.03-09.57.24:732][  0]LogConfig: Setting CVar [[r.Streaming.Boost:1]]
[2022.03.03-09.57.24:732][  0]LogConfig: Setting CVar [[r.MaxAnisotropy:8]]
[2022.03.03-09.57.24:732][  0]LogConfig: Setting CVar [[r.VT.MaxAnisotropy:8]]
[2022.03.03-09.57.24:732][  0]LogConfig: Setting CVar [[r.Streaming.LimitPoolSizeToVRAM:0]]
[2022.03.03-09.57.24:732][  0]LogConfig: Setting CVar [[r.Streaming.PoolSize:1000]]
[2022.03.03-09.57.24:733][  0]LogConfig: Setting CVar [[r.Streaming.MaxEffectiveScreenSize:0]]
[2022.03.03-09.57.24:733][  0]LogConfig: Applying CVar settings from Section [EffectsQuality@3] File [C:/Users/maxim/Desktop/Sausage Simulator/Sausage-simulator/Sausage_Simulator/Saved/Config/Windows/Scalability.ini]
[2022.03.03-09.57.24:733][  0]LogConfig: Setting CVar [[r.TranslucencyLightingVolumeDim:64]]
[2022.03.03-09.57.24:733][  0]LogConfig: Setting CVar [[r.RefractionQuality:2]]
[2022.03.03-09.57.24:733][  0]LogConfig: Setting CVar [[r.SSR.Quality:3]]
[2022.03.03-09.57.24:733][  0]LogConfig: Setting CVar [[r.SSR.HalfResSceneColor:0]]
[2022.03.03-09.57.24:733][  0]LogConfig: Setting CVar [[r.SceneColorFormat:4]]
[2022.03.03-09.57.24:733][  0]LogConfig: Setting CVar [[r.DetailMode:2]]
[2022.03.03-09.57.24:733][  0]LogConfig: Setting CVar [[r.TranslucencyVolumeBlur:1]]
[2022.03.03-09.57.24:733][  0]LogConfig: Setting CVar [[r.MaterialQualityLevel:1 ; High quality]]
[2022.03.03-09.57.24:733][  0]LogConfig: Setting CVar [[r.AnisotropicMaterials:1]]
[2022.03.03-09.57.24:733][  0]LogConfig: Setting CVar [[r.SSS.Scale:1]]
[2022.03.03-09.57.24:733][  0]LogConfig: Setting CVar [[r.SSS.SampleSet:2]]
[2022.03.03-09.57.24:733][  0]LogConfig: Setting CVar [[r.SSS.Quality:1]]
[2022.03.03-09.57.24:733][  0]LogConfig: Setting CVar [[r.SSS.HalfRes:0]]
[2022.03.03-09.57.24:733][  0]LogConfig: Setting CVar [[r.SSGI.Quality:3]]
[2022.03.03-09.57.24:733][  0]LogConfig: Setting CVar [[r.EmitterSpawnRateScale:1.0]]
[2022.03.03-09.57.24:733][  0]LogConfig: Setting CVar [[r.ParticleLightQuality:2]]
[2022.03.03-09.57.24:733][  0]LogConfig: Setting CVar [[r.SkyAtmosphere.AerialPerspectiveLUT.FastApplyOnOpaque:1 ; Always have FastSkyLUT 1 in this case to avoid wrong sky]]
[2022.03.03-09.57.24:733][  0]LogConfig: Setting CVar [[r.SkyAtmosphere.AerialPerspectiveLUT.SampleCountMaxPerSlice:4]]
[2022.03.03-09.57.24:733][  0]LogConfig: Setting CVar [[r.SkyAtmosphere.AerialPerspectiveLUT.DepthResolution:16.0]]
[2022.03.03-09.57.24:733][  0]LogConfig: Setting CVar [[r.SkyAtmosphere.FastSkyLUT:1]]
[2022.03.03-09.57.24:733][  0]LogConfig: Setting CVar [[r.SkyAtmosphere.FastSkyLUT.SampleCountMin:4.0]]
[2022.03.03-09.57.24:733][  0]LogConfig: Setting CVar [[r.SkyAtmosphere.FastSkyLUT.SampleCountMax:128.0]]
[2022.03.03-09.57.24:733][  0]LogConfig: Setting CVar [[r.SkyAtmosphere.SampleCountMin:4.0]]
[2022.03.03-09.57.24:733][  0]LogConfig: Setting CVar [[r.SkyAtmosphere.SampleCountMax:128.0]]
[2022.03.03-09.57.24:733][  0]LogConfig: Setting CVar [[r.SkyAtmosphere.TransmittanceLUT.UseSmallFormat:0]]
[2022.03.03-09.57.24:733][  0]LogConfig: Setting CVar [[r.SkyAtmosphere.TransmittanceLUT.SampleCount:10.0]]
[2022.03.03-09.57.24:733][  0]LogConfig: Setting CVar [[r.SkyAtmosphere.MultiScatteringLUT.SampleCount:15.0]]
[2022.03.03-09.57.24:733][  0]LogConfig: Setting CVar [[r.SkyLight.RealTimeReflectionCapture:1]]
[2022.03.03-09.57.24:733][  0]LogConfig: Applying CVar settings from Section [FoliageQuality@3] File [C:/Users/maxim/Desktop/Sausage Simulator/Sausage-simulator/Sausage_Simulator/Saved/Config/Windows/Scalability.ini]
[2022.03.03-09.57.24:733][  0]LogConfig: Setting CVar [[foliage.DensityScale:1.0]]
[2022.03.03-09.57.24:733][  0]LogConfig: Setting CVar [[grass.DensityScale:1.0]]
[2022.03.03-09.57.24:733][  0]LogConfig: Applying CVar settings from Section [ShadingQuality@3] File [C:/Users/maxim/Desktop/Sausage Simulator/Sausage-simulator/Sausage_Simulator/Saved/Config/Windows/Scalability.ini]
[2022.03.03-09.57.24:733][  0]LogConfig: Setting CVar [[r.HairStrands.SkyLighting.IntegrationType:2]]
[2022.03.03-09.57.24:733][  0]LogConfig: Setting CVar [[r.HairStrands.SkyAO.SampleCount:4]]
[2022.03.03-09.57.24:733][  0]LogConfig: Setting CVar [[r.HairStrands.Visibility.MSAA.SamplePerPixel:4]]
[2022.03.03-09.57.24:733][  0]LogInit: Selected Device Profile: [Windows]
[2022.03.03-09.57.24:733][  0]LogInit: Applying CVar settings loaded from the selected device profile: [Windows]
[2022.03.03-09.57.24:733][  0]LogHAL: Display: Platform has ~ 14 GB [14978097152 / 17179869184 / 14], which maps to Larger [LargestMinGB=32, LargerMinGB=12, DefaultMinGB=8, SmallerMinGB=6, SmallestMinGB=0)
[2022.03.03-09.57.24:733][  0]LogInit: Going up to parent DeviceProfile []
[2022.03.03-09.57.24:733][  0]LogConfig: Applying CVar settings from Section [ViewDistanceQuality@3] File [C:/Users/maxim/Desktop/Sausage Simulator/Sausage-simulator/Sausage_Simulator/Saved/Config/Windows/Scalability.ini]
[2022.03.03-09.57.24:733][  0]LogConfig: Setting CVar [[r.SkeletalMeshLODBias:0]]
[2022.03.03-09.57.24:733][  0]LogConfig: Setting CVar [[r.ViewDistanceScale:1.0]]
[2022.03.03-09.57.24:733][  0]LogConfig: Applying CVar settings from Section [AntiAliasingQuality@3] File [C:/Users/maxim/Desktop/Sausage Simulator/Sausage-simulator/Sausage_Simulator/Saved/Config/Windows/Scalability.ini]
[2022.03.03-09.57.24:733][  0]LogConfig: Setting CVar [[r.PostProcessAAQuality:4]]
[2022.03.03-09.57.24:733][  0]LogConfig: Applying CVar settings from Section [ShadowQuality@3] File [C:/Users/maxim/Desktop/Sausage Simulator/Sausage-simulator/Sausage_Simulator/Saved/Config/Windows/Scalability.ini]
[2022.03.03-09.57.24:733][  0]LogConfig: Setting CVar [[r.LightFunctionQuality:1]]
[2022.03.03-09.57.24:733][  0]LogConfig: Setting CVar [[r.ShadowQuality:5]]
[2022.03.03-09.57.24:733][  0]LogConfig: Setting CVar [[r.Shadow.CSM.MaxCascades:10]]
[2022.03.03-09.57.24:734][  0]LogConfig: Setting CVar [[r.Shadow.MaxResolution:2048]]
[2022.03.03-09.57.24:734][  0]LogConfig: Setting CVar [[r.Shadow.MaxCSMResolution:2048]]
[2022.03.03-09.57.24:734][  0]LogConfig: Setting CVar [[r.Shadow.RadiusThreshold:0.01]]
[2022.03.03-09.57.24:734][  0]LogConfig: Setting CVar [[r.Shadow.DistanceScale:1.0]]
[2022.03.03-09.57.24:734][  0]LogConfig: Setting CVar [[r.Shadow.CSM.TransitionScale:1.0]]
[2022.03.03-09.57.24:734][  0]LogConfig: Setting CVar [[r.Shadow.PreShadowResolutionFactor:1.0]]
[2022.03.03-09.57.24:734][  0]LogConfig: Setting CVar [[r.DistanceFieldShadowing:1]]
[2022.03.03-09.57.24:734][  0]LogConfig: Setting CVar [[r.DistanceFieldAO:1]]
[2022.03.03-09.57.24:734][  0]LogConfig: Setting CVar [[r.AOQuality:2]]
[2022.03.03-09.57.24:734][  0]LogConfig: Setting CVar [[r.VolumetricFog:1]]
[2022.03.03-09.57.24:734][  0]LogConfig: Setting CVar [[r.VolumetricFog.GridPixelSize:8]]
[2022.03.03-09.57.24:734][  0]LogConfig: Setting CVar [[r.VolumetricFog.GridSizeZ:128]]
[2022.03.03-09.57.24:734][  0]LogConfig: Setting CVar [[r.VolumetricFog.HistoryMissSupersampleCount:4]]
[2022.03.03-09.57.24:734][  0]LogConfig: Setting CVar [[r.LightMaxDrawDistanceScale:1]]
[2022.03.03-09.57.24:734][  0]LogConfig: Setting CVar [[r.CapsuleShadows:1]]
[2022.03.03-09.57.24:734][  0]LogConfig: Applying CVar settings from Section [PostProcessQuality@3] File [C:/Users/maxim/Desktop/Sausage Simulator/Sausage-simulator/Sausage_Simulator/Saved/Config/Windows/Scalability.ini]
[2022.03.03-09.57.24:734][  0]LogConfig: Setting CVar [[r.MotionBlurQuality:4]]
[2022.03.03-09.57.24:734][  0]LogConfig: Setting CVar [[r.AmbientOcclusionMipLevelFactor:0.4]]
[2022.03.03-09.57.24:734][  0]LogConfig: Setting CVar [[r.AmbientOcclusionMaxQuality:100]]
[2022.03.03-09.57.24:734][  0]LogConfig: Setting CVar [[r.AmbientOcclusionLevels:-1]]
[2022.03.03-09.57.24:734][  0]LogConfig: Setting CVar [[r.AmbientOcclusionRadiusScale:1.0]]
[2022.03.03-09.57.24:734][  0]LogConfig: Setting CVar [[r.DepthOfFieldQuality:2]]
[2022.03.03-09.57.24:734][  0]LogConfig: Setting CVar [[r.RenderTargetPoolMin:400]]
[2022.03.03-09.57.24:734][  0]LogConfig: Setting CVar [[r.LensFlareQuality:2]]
[2022.03.03-09.57.24:734][  0]LogConfig: Setting CVar [[r.SceneColorFringeQuality:1]]
[2022.03.03-09.57.24:734][  0]LogConfig: Setting CVar [[r.EyeAdaptationQuality:2]]
[2022.03.03-09.57.24:734][  0]LogConfig: Setting CVar [[r.BloomQuality:5]]
[2022.03.03-09.57.24:734][  0]LogConfig: Setting CVar [[r.FastBlurThreshold:100]]
[2022.03.03-09.57.24:734][  0]LogConfig: Setting CVar [[r.Upscale.Quality:3]]
[2022.03.03-09.57.24:734][  0]LogConfig: Setting CVar [[r.Tonemapper.GrainQuantization:1]]
[2022.03.03-09.57.24:734][  0]LogConfig: Setting CVar [[r.LightShaftQuality:1]]
[2022.03.03-09.57.24:734][  0]LogConfig: Setting CVar [[r.Filter.SizeScale:1]]
[2022.03.03-09.57.24:734][  0]LogConfig: Setting CVar [[r.Tonemapper.Quality:5]]
[2022.03.03-09.57.24:734][  0]LogConfig: Setting CVar [[r.DOF.Gather.AccumulatorQuality:1        ; higher gathering accumulator quality]]
[2022.03.03-09.57.24:734][  0]LogConfig: Setting CVar [[r.DOF.Gather.PostfilterMethod:1          ; Median3x3 postfilering method]]
[2022.03.03-09.57.24:734][  0]LogConfig: Setting CVar [[r.DOF.Gather.EnableBokehSettings:0       ; no bokeh simulation when gathering]]
[2022.03.03-09.57.24:734][  0]LogConfig: Setting CVar [[r.DOF.Gather.RingCount:4                 ; medium number of samples when gathering]]
[2022.03.03-09.57.24:734][  0]LogConfig: Setting CVar [[r.DOF.Scatter.ForegroundCompositing:1    ; additive foreground scattering]]
[2022.03.03-09.57.24:734][  0]LogConfig: Setting CVar [[r.DOF.Scatter.BackgroundCompositing:2    ; additive background scattering]]
[2022.03.03-09.57.24:734][  0]LogConfig: Setting CVar [[r.DOF.Scatter.EnableBokehSettings:1      ; bokeh simulation when scattering]]
[2022.03.03-09.57.24:734][  0]LogConfig: Setting CVar [[r.DOF.Scatter.MaxSpriteRatio:0.1         ; only a maximum of 10% of scattered bokeh]]
[2022.03.03-09.57.24:734][  0]LogConfig: Setting CVar [[r.DOF.Recombine.Quality:1                ; cheap slight out of focus]]
[2022.03.03-09.57.24:734][  0]LogConfig: Setting CVar [[r.DOF.Recombine.EnableBokehSettings:0    ; no bokeh simulation on slight out of focus]]
[2022.03.03-09.57.24:734][  0]LogConfig: Setting CVar [[r.DOF.TemporalAAQuality:1                ; more stable temporal accumulation]]
[2022.03.03-09.57.24:734][  0]LogConfig: Setting CVar [[r.DOF.Kernel.MaxForegroundRadius:0.025]]
[2022.03.03-09.57.24:734][  0]LogConfig: Setting CVar [[r.DOF.Kernel.MaxBackgroundRadius:0.025]]
[2022.03.03-09.57.24:734][  0]LogConfig: Applying CVar settings from Section [TextureQuality@3] File [C:/Users/maxim/Desktop/Sausage Simulator/Sausage-simulator/Sausage_Simulator/Saved/Config/Windows/Scalability.ini]
[2022.03.03-09.57.24:734][  0]LogConfig: Setting CVar [[r.Streaming.MipBias:0]]
[2022.03.03-09.57.24:734][  0]LogConfig: Setting CVar [[r.Streaming.AmortizeCPUToGPUCopy:0]]
[2022.03.03-09.57.24:734][  0]LogConfig: Setting CVar [[r.Streaming.MaxNumTexturesToStreamPerFrame:0]]
[2022.03.03-09.57.24:734][  0]LogConfig: Setting CVar [[r.Streaming.Boost:1]]
[2022.03.03-09.57.24:734][  0]LogConfig: Setting CVar [[r.MaxAnisotropy:8]]
[2022.03.03-09.57.24:734][  0]LogConfig: Setting CVar [[r.VT.MaxAnisotropy:8]]
[2022.03.03-09.57.24:734][  0]LogConfig: Setting CVar [[r.Streaming.LimitPoolSizeToVRAM:0]]
[2022.03.03-09.57.24:734][  0]LogConfig: Setting CVar [[r.Streaming.PoolSize:1000]]
[2022.03.03-09.57.24:734][  0]LogConfig: Setting CVar [[r.Streaming.MaxEffectiveScreenSize:0]]
[2022.03.03-09.57.24:734][  0]LogConfig: Applying CVar settings from Section [EffectsQuality@3] File [C:/Users/maxim/Desktop/Sausage Simulator/Sausage-simulator/Sausage_Simulator/Saved/Config/Windows/Scalability.ini]
[2022.03.03-09.57.24:734][  0]LogConfig: Setting CVar [[r.TranslucencyLightingVolumeDim:64]]
[2022.03.03-09.57.24:734][  0]LogConfig: Setting CVar [[r.RefractionQuality:2]]
[2022.03.03-09.57.24:734][  0]LogConfig: Setting CVar [[r.SSR.Quality:3]]
[2022.03.03-09.57.24:734][  0]LogConfig: Setting CVar [[r.SSR.HalfResSceneColor:0]]
[2022.03.03-09.57.24:734][  0]LogConfig: Setting CVar [[r.SceneColorFormat:4]]
[2022.03.03-09.57.24:734][  0]LogConfig: Setting CVar [[r.DetailMode:2]]
[2022.03.03-09.57.24:735][  0]LogConfig: Setting CVar [[r.TranslucencyVolumeBlur:1]]
[2022.03.03-09.57.24:735][  0]LogConfig: Setting CVar [[r.MaterialQualityLevel:1 ; High quality]]
[2022.03.03-09.57.24:735][  0]LogConfig: Setting CVar [[r.AnisotropicMaterials:1]]
[2022.03.03-09.57.24:735][  0]LogConfig: Setting CVar [[r.SSS.Scale:1]]
[2022.03.03-09.57.24:735][  0]LogConfig: Setting CVar [[r.SSS.SampleSet:2]]
[2022.03.03-09.57.24:735][  0]LogConfig: Setting CVar [[r.SSS.Quality:1]]
[2022.03.03-09.57.24:735][  0]LogConfig: Setting CVar [[r.SSS.HalfRes:0]]
[2022.03.03-09.57.24:735][  0]LogConfig: Setting CVar [[r.SSGI.Quality:3]]
[2022.03.03-09.57.24:735][  0]LogConfig: Setting CVar [[r.EmitterSpawnRateScale:1.0]]
[2022.03.03-09.57.24:735][  0]LogConfig: Setting CVar [[r.ParticleLightQuality:2]]
[2022.03.03-09.57.24:735][  0]LogConfig: Setting CVar [[r.SkyAtmosphere.AerialPerspectiveLUT.FastApplyOnOpaque:1 ; Always have FastSkyLUT 1 in this case to avoid wrong sky]]
[2022.03.03-09.57.24:735][  0]LogConfig: Setting CVar [[r.SkyAtmosphere.AerialPerspectiveLUT.SampleCountMaxPerSlice:4]]
[2022.03.03-09.57.24:735][  0]LogConfig: Setting CVar [[r.SkyAtmosphere.AerialPerspectiveLUT.DepthResolution:16.0]]
[2022.03.03-09.57.24:735][  0]LogConfig: Setting CVar [[r.SkyAtmosphere.FastSkyLUT:1]]
[2022.03.03-09.57.24:735][  0]LogConfig: Setting CVar [[r.SkyAtmosphere.FastSkyLUT.SampleCountMin:4.0]]
[2022.03.03-09.57.24:735][  0]LogConfig: Setting CVar [[r.SkyAtmosphere.FastSkyLUT.SampleCountMax:128.0]]
[2022.03.03-09.57.24:735][  0]LogConfig: Setting CVar [[r.SkyAtmosphere.SampleCountMin:4.0]]
[2022.03.03-09.57.24:735][  0]LogConfig: Setting CVar [[r.SkyAtmosphere.SampleCountMax:128.0]]
[2022.03.03-09.57.24:735][  0]LogConfig: Setting CVar [[r.SkyAtmosphere.TransmittanceLUT.UseSmallFormat:0]]
[2022.03.03-09.57.24:735][  0]LogConfig: Setting CVar [[r.SkyAtmosphere.TransmittanceLUT.SampleCount:10.0]]
[2022.03.03-09.57.24:735][  0]LogConfig: Setting CVar [[r.SkyAtmosphere.MultiScatteringLUT.SampleCount:15.0]]
[2022.03.03-09.57.24:735][  0]LogConfig: Setting CVar [[r.SkyLight.RealTimeReflectionCapture:1]]
[2022.03.03-09.57.24:735][  0]LogConfig: Applying CVar settings from Section [FoliageQuality@3] File [C:/Users/maxim/Desktop/Sausage Simulator/Sausage-simulator/Sausage_Simulator/Saved/Config/Windows/Scalability.ini]
[2022.03.03-09.57.24:735][  0]LogConfig: Setting CVar [[foliage.DensityScale:1.0]]
[2022.03.03-09.57.24:735][  0]LogConfig: Setting CVar [[grass.DensityScale:1.0]]
[2022.03.03-09.57.24:735][  0]LogConfig: Applying CVar settings from Section [ShadingQuality@3] File [C:/Users/maxim/Desktop/Sausage Simulator/Sausage-simulator/Sausage_Simulator/Saved/Config/Windows/Scalability.ini]
[2022.03.03-09.57.24:735][  0]LogConfig: Setting CVar [[r.HairStrands.SkyLighting.IntegrationType:2]]
[2022.03.03-09.57.24:735][  0]LogConfig: Setting CVar [[r.HairStrands.SkyAO.SampleCount:4]]
[2022.03.03-09.57.24:735][  0]LogConfig: Setting CVar [[r.HairStrands.Visibility.MSAA.SamplePerPixel:4]]
[2022.03.03-09.57.24:735][  0]LogConfig: Applying CVar settings from Section [Startup] File [../../../Engine/Config/ConsoleVariables.ini]
[2022.03.03-09.57.24:735][  0]LogConfig: Setting CVar [[net.UseAdaptiveNetUpdateFrequency:0]]
[2022.03.03-09.57.24:735][  0]LogConfig: Setting CVar [[p.chaos.AllowCreatePhysxBodies:1]]
[2022.03.03-09.57.24:735][  0]LogConfig: Setting CVar [[fx.SkipVectorVMBackendOptimizations:1]]
[2022.03.03-09.57.24:735][  0]LogConfig: Applying CVar settings from Section [ConsoleVariables] File [C:/Users/maxim/Desktop/Sausage Simulator/Sausage-simulator/Sausage_Simulator/Saved/Config/Windows/Engine.ini]
[2022.03.03-09.57.24:735][  0]LogConfig: Applying CVar settings from Section [ConsoleVariables] File [C:/Users/maxim/Desktop/Sausage Simulator/Sausage-simulator/Sausage_Simulator/Saved/Config/Windows/Editor.ini]
[2022.03.03-09.57.24:736][  0]LogInit: Computer: DESKTOP-RROI739
[2022.03.03-09.57.24:736][  0]LogInit: User: maxim
[2022.03.03-09.57.24:736][  0]LogInit: CPU Page size=4096, Cores=4
[2022.03.03-09.57.24:736][  0]LogInit: High frequency timer resolution =10.000000 MHz
[2022.03.03-09.57.24:736][  0]LogMemory: Memory total: Physical=13.9GB (14GB approx)
[2022.03.03-09.57.24:736][  0]LogMemory: Platform Memory Stats for Windows
[2022.03.03-09.57.24:736][  0]LogMemory: Process Physical Memory: 141.84 MB used, 141.84 MB peak
[2022.03.03-09.57.24:736][  0]LogMemory: Process Virtual Memory: 122.48 MB used, 122.48 MB peak
[2022.03.03-09.57.24:736][  0]LogMemory: Physical Memory: 5977.57 MB used,  8306.66 MB free, 14284.23 MB total
[2022.03.03-09.57.24:736][  0]LogMemory: Virtual Memory: 134209856.00 MB used,  7871.77 MB free, 134217728.00 MB total
[2022.03.03-09.57.24:744][  0]LogWindows: WindowsPlatformFeatures enabled
[2022.03.03-09.57.24:780][  0]LogInit: Physics initialised using underlying interface: PhysX
[2022.03.03-09.57.24:781][  0]LogInit: Using OS detected language (fr-FR).
[2022.03.03-09.57.24:781][  0]LogInit: Using OS detected locale (fr-FR).
[2022.03.03-09.57.24:786][  0]LogTextLocalizationManager: No specific localization for 'fr-FR' exists, so the 'fr' localization will be used.
[2022.03.03-09.57.24:790][  0]LogTextLocalizationResource: LocRes '../../../Engine/Content/Localization/Editor/fr/Editor.locres' could not be opened for reading!
[2022.03.03-09.57.24:791][  0]LogTextLocalizationResource: LocRes '../../../Engine/Content/Localization/EditorTutorials/fr/EditorTutorials.locres' could not be opened for reading!
[2022.03.03-09.57.24:791][  0]LogTextLocalizationResource: LocRes '../../../Engine/Content/Localization/Keywords/fr/Keywords.locres' could not be opened for reading!
[2022.03.03-09.57.24:791][  0]LogTextLocalizationResource: LocRes '../../../Engine/Content/Localization/Category/fr/Category.locres' could not be opened for reading!
[2022.03.03-09.57.24:791][  0]LogTextLocalizationResource: LocRes '../../../Engine/Content/Localization/ToolTips/fr/ToolTips.locres' could not be opened for reading!
[2022.03.03-09.57.24:792][  0]LogTextLocalizationResource: LocRes '../../../Engine/Content/Localization/PropertyNames/fr/PropertyNames.locres' could not be opened for reading!
[2022.03.03-09.57.24:792][  0]LogTextLocalizationResource: LocRes '../../../Engine/Content/Localization/Engine/fr/Engine.locres' could not be opened for reading!
[2022.03.03-09.57.24:806][  0]LogWindowsTextInputMethodSystem: Display: IME system deactivated.
[2022.03.03-09.57.24:826][  0]LogSlate: New Slate User Created.  User Index 0, Is Virtual User: 0
[2022.03.03-09.57.24:826][  0]LogSlate: Slate User Registered.  User Index 0, Is Virtual User: 0
[2022.03.03-09.57.24:838][  0]LogD3D11RHI: Loaded GFSDK_Aftermath_Lib.x64.dll
[2022.03.03-09.57.24:842][  0]LogHMD: Failed to initialize OpenVR with code 110
[2022.03.03-09.57.24:842][  0]LogD3D11RHI: D3D11 min allowed feature level: 11_0
[2022.03.03-09.57.24:842][  0]LogD3D11RHI: D3D11 max allowed feature level: 11_0
[2022.03.03-09.57.24:842][  0]LogD3D11RHI: D3D11 adapters:
[2022.03.03-09.57.24:915][  0]LogD3D11RHI:    0. 'AMD Radeon(TM) RX Vega 11 Graphics' (Feature Level 11_0)
[2022.03.03-09.57.24:915][  0]LogD3D11RHI:       2032/0/7142 MB DedicatedVideo/DedicatedSystem/SharedSystem, Outputs:1, VendorId:0x1002
[2022.03.03-09.57.24:918][  0]LogD3D11RHI:    1. 'Microsoft Basic Render Driver' (Feature Level 11_0)
[2022.03.03-09.57.24:918][  0]LogD3D11RHI:       0/0/7142 MB DedicatedVideo/DedicatedSystem/SharedSystem, Outputs:0, VendorId:0x1414
[2022.03.03-09.57.24:918][  0]LogD3D11RHI: Chosen D3D11 Adapter:
[2022.03.03-09.57.24:918][  0]LogD3D11RHI:     Description : AMD Radeon(TM) RX Vega 11 Graphics
[2022.03.03-09.57.24:918][  0]LogD3D11RHI:     VendorId    : 1002
[2022.03.03-09.57.24:918][  0]LogD3D11RHI:     DeviceId    : 15d8
[2022.03.03-09.57.24:918][  0]LogD3D11RHI:     SubSysId    : 7c021462
[2022.03.03-09.57.24:918][  0]LogD3D11RHI:     Revision    : 00c8
[2022.03.03-09.57.24:918][  0]LogD3D11RHI:     DedicatedVideoMemory : 2131714048 bytes
[2022.03.03-09.57.24:918][  0]LogD3D11RHI:     DedicatedSystemMemory : 0 bytes
[2022.03.03-09.57.24:918][  0]LogD3D11RHI:     SharedSystemMemory : 7489048576 bytes
[2022.03.03-09.57.24:918][  0]LogD3D11RHI:     AdapterLuid : 0 40160
[2022.03.03-09.57.24:926][  0]LogD3D11RHI: Creating new Direct3DDevice
[2022.03.03-09.57.24:926][  0]LogD3D11RHI:     GPU DeviceId: 0x15d8 (for the marketing name, search the web for "GPU Device Id")
[2022.03.03-09.57.24:926][  0]LogWindows: EnumDisplayDevices:
[2022.03.03-09.57.24:926][  0]LogWindows:    0. 'AMD 15D8:C8' (P:1 D:1)
[2022.03.03-09.57.24:927][  0]LogWindows:    1. 'AMD 15D8:C8' (P:0 D:0)
[2022.03.03-09.57.24:927][  0]LogWindows:    2. 'AMD 15D8:C8' (P:0 D:0)
[2022.03.03-09.57.24:928][  0]LogWindows:    3. 'AMD 15D8:C8' (P:0 D:0)
[2022.03.03-09.57.24:928][  0]LogWindows:    4. 'AMD 15D8:C8' (P:0 D:0)
[2022.03.03-09.57.24:929][  0]LogWindows: DebugString: PrimaryIsNotTheChoosenAdapter PrimaryIsNotTheChoosenAdapter PrimaryIsNotTheChoosenAdapter PrimaryIsNotTheChoosenAdapter PrimaryIsNotTheChoosenAdapter FoundDriverCount:0 
[2022.03.03-09.57.24:929][  0]LogD3D11RHI:     Adapter Name: AMD Radeon(TM) RX Vega 11 Graphics
[2022.03.03-09.57.24:929][  0]LogD3D11RHI:   Driver Version: Unknown (internal:Unknown, unified:Unknown)
[2022.03.03-09.57.24:929][  0]LogD3D11RHI:      Driver Date: Unknown
[2022.03.03-09.57.24:929][  0]LogRHI: Texture pool is 5922 MB (70% of 8460 MB)
[2022.03.03-09.57.24:948][  0]LogD3D11RHI: Creating D3DDevice with AMD AGS, using adapter:
[2022.03.03-09.57.24:948][  0]LogD3D11RHI:     Description : AMD Radeon(TM) RX Vega 11 Graphics
[2022.03.03-09.57.24:948][  0]LogD3D11RHI:     VendorId    : 1002
[2022.03.03-09.57.24:948][  0]LogD3D11RHI:     DeviceId    : 15d8
[2022.03.03-09.57.24:948][  0]LogD3D11RHI:     SubSysId    : 7c021462
[2022.03.03-09.57.24:948][  0]LogD3D11RHI:     Revision    : 00c8
[2022.03.03-09.57.24:948][  0]LogD3D11RHI:     DedicatedVideoMemory : 2131714048 bytes
[2022.03.03-09.57.24:948][  0]LogD3D11RHI:     DedicatedSystemMemory : 0 bytes
[2022.03.03-09.57.24:948][  0]LogD3D11RHI:     SharedSystemMemory : 7489048576 bytes
[2022.03.03-09.57.24:948][  0]LogD3D11RHI:     AdapterLuid : 0 40160
[2022.03.03-09.57.25:010][  0]LogD3D11RHI: Created device via AGS, feature level 11_0, supported extensions 1fffffbf.
[2022.03.03-09.57.25:010][  0]LogD3D11RHI: RHI has support for 64 bit atomics
[2022.03.03-09.57.25:010][  0]LogD3D11RHI: Async texture creation enabled
[2022.03.03-09.57.25:010][  0]LogD3D11RHI: Array index from any shader is supported
[2022.03.03-09.57.25:024][  0]LogD3D11RHI: GPU Timing Frequency: 25.000000 (Debug: 2 1)
[2022.03.03-09.57.25:396][  0]LogTargetPlatformManager: Display: Loaded TargetPlatform 'WindowsNoEditor'
[2022.03.03-09.57.25:403][  0]LogTargetPlatformManager: Display: Loaded TargetPlatform 'Windows'
[2022.03.03-09.57.25:409][  0]LogTargetPlatformManager: Display: Loaded TargetPlatform 'WindowsClient'
[2022.03.03-09.57.25:416][  0]LogTargetPlatformManager: Display: Loaded TargetPlatform 'WindowsServer'
[2022.03.03-09.57.25:416][  0]LogTargetPlatformManager: Display: Building Assets For Windows
[2022.03.03-09.57.25:427][  0]LogAudioDebug: Display: Lib vorbis DLL was dynamically loaded.
[2022.03.03-09.57.25:481][  0]LogTextureFormatOodle: Display: Oodle Texture 2.9.0 init RDO Off
[2022.03.03-09.57.25:526][  0]LogRendererCore: Ray tracing is disabled. Reason: r.RayTracing=0.
[2022.03.03-09.57.25:527][  0]LogShaderCompilers: Guid format shader working directory is -40 characters bigger than the processId version (../../../../Users/maxim/Desktop/Sausage Simulator/Sausage-simulator/Sausage_Simulator/Intermediate/Shaders/WorkingDirectory/11232/).
[2022.03.03-09.57.25:527][  0]LogShaderCompilers: Cleaned the shader compiler working directory 'C:/Users/maxim/AppData/Local/Temp/UnrealShaderWorkingDir/204A0F724DF391AD820F1B9BA40FDA07/'.
[2022.03.03-09.57.25:527][  0]LogXGEController: Cannot use XGE Controller as Incredibuild is not installed on this machine.
[2022.03.03-09.57.25:527][  0]LogShaderCompilers: Cannot use XGE Shader Compiler as Incredibuild is not installed on this machine.
[2022.03.03-09.57.25:527][  0]LogShaderCompilers: Display: Using Local Shader Compiler.
[2022.03.03-09.57.26:339][  0]LogDerivedDataCache: Display: Max Cache Size: 512 MB
[2022.03.03-09.57.26:407][  0]LogDerivedDataCache: Loaded boot cache 0.07s 94MB C:/Users/maxim/AppData/Local/UnrealEngine/4.27/DerivedDataCache/Boot.ddc.
[2022.03.03-09.57.26:408][  0]LogDerivedDataCache: Display: Loaded Boot cache: C:/Users/maxim/AppData/Local/UnrealEngine/4.27/DerivedDataCache/Boot.ddc
[2022.03.03-09.57.26:408][  0]LogDerivedDataCache: FDerivedDataBackendGraph:  Pak pak cache file ../../../../Users/maxim/Desktop/Sausage Simulator/Sausage-simulator/Sausage_Simulator/DerivedDataCache/DDC.ddp not found, will not use a pak cache.
[2022.03.03-09.57.26:408][  0]LogDerivedDataCache: Unable to find inner node Pak for hierarchical cache Hierarchy.
[2022.03.03-09.57.26:408][  0]LogDerivedDataCache: FDerivedDataBackendGraph:  CompressedPak pak cache file ../../../../Users/maxim/Desktop/Sausage Simulator/Sausage-simulator/Sausage_Simulator/DerivedDataCache/Compressed.ddp not found, will not use a pak cache.
[2022.03.03-09.57.26:408][  0]LogDerivedDataCache: Unable to find inner node CompressedPak for hierarchical cache Hierarchy.
[2022.03.03-09.57.26:430][  0]LogDerivedDataCache: Display: Pak cache opened for reading ../../../Engine/DerivedDataCache/Compressed.ddp.
[2022.03.03-09.57.26:430][  0]LogDerivedDataCache: FDerivedDataBackendGraph:  EnterprisePak pak cache file ../../../Enterprise/DerivedDataCache/Compressed.ddp not found, will not use a pak cache.
[2022.03.03-09.57.26:430][  0]LogDerivedDataCache: Unable to find inner node EnterprisePak for hierarchical cache Hierarchy.
[2022.03.03-09.57.26:439][  0]LogDerivedDataCache: Speed tests for C:/Users/maxim/AppData/Local/UnrealEngine/Common/DerivedDataCache took 0.01 seconds
[2022.03.03-09.57.26:439][  0]LogDerivedDataCache: Display: Performance to C:/Users/maxim/AppData/Local/UnrealEngine/Common/DerivedDataCache: Latency=0.06ms. RandomReadSpeed=699.12MBs, RandomWriteSpeed=129.26MBs. Assigned SpeedClass 'Local'
[2022.03.03-09.57.26:440][  0]LogDerivedDataCache: Using Local data cache path C:/Users/maxim/AppData/Local/UnrealEngine/Common/DerivedDataCache: Writable
[2022.03.03-09.57.26:440][  0]LogDerivedDataCache: Shared data cache path not found in *engine.ini, will not use an Shared cache.
[2022.03.03-09.57.26:440][  0]LogDerivedDataCache: Unable to find inner node Shared for hierarchical cache Hierarchy.
[2022.03.03-09.57.26:458][  0]LogSlate: Using FreeType 2.10.0
[2022.03.03-09.57.26:458][  0]LogSlate: SlateFontServices - WITH_FREETYPE: 1, WITH_HARFBUZZ: 1
[2022.03.03-09.57.26:553][  0]LogInit: Using OS detected language (fr-FR).
[2022.03.03-09.57.26:553][  0]LogInit: Using OS detected locale (fr-FR).
[2022.03.03-09.57.26:553][  0]LogTextLocalizationManager: No localization for 'fr-FR' exists, so 'en' will be used for the language.
[2022.03.03-09.57.26:553][  0]LogTextLocalizationManager: No localization for 'fr-FR' exists, so 'en' will be used for the locale.
[2022.03.03-09.57.26:554][  0]LogSlate: FontCache flush requested. Reason: Culture for localization was changed
[2022.03.03-09.57.26:554][  0]LogSlate: FontCache flush requested. Reason: Culture for localization was changed
[2022.03.03-09.57.26:557][  0]LogAssetRegistry: FAssetRegistry took 0.0024 seconds to start up
[2022.03.03-09.57.26:771][  0]LogTextLocalizationManager: Compacting localization data took   0.01ms
[2022.03.03-09.57.26:771][  0]LogPackageLocalizationCache: Processed 27 localized package path(s) for 1 prioritized culture(s) in 0.001697 seconds
[2022.03.03-09.57.26:878][  0]LogInit: Selected Device Profile: [Windows]
[2022.03.03-09.57.26:878][  0]LogInit: Active device profile: [000001A98367BA00][000001A9FDB829C0 49] Windows
[2022.03.03-09.57.26:878][  0]LogInit: Profiles: [000001A98367BA00][000001A9FDB829C0 49] Windows, [000001A98362C700][000001A9FE1E2B40 49] WindowsNoEditor, [000001A983678800][000001A9FE1E6CC0 49] WindowsServer, [000001A98362F200][000001A9FE1EAE40 49] WindowsClient, [000001A98367B100][000001A9FE1DEF80 49] IOS, [000001A98362D100][000001A9FE1EF0C0 49] iPadAir, [000001A983679000][000001A9FE1F3200 49] iPadAir2, [000001A9835F8200][000001A9FE1FF4C0 49] IPadPro, [000001A9835E3F00][000001A9FE1FB500 49] iPadAir3, [000001A98367AC00][000001A9FE203680 49] iPadAir4, [000001A9835E0D00][000001A9FE207800 49] iPadMini2, [000001A983679400][000001A9FE20B980 49] iPadMini3, [000001A9835E2D00][000001A9FE20FB00 49] iPadMini4, [000001A98367A400][000001A9FE212100 49] iPadMini5, [000001A98362EB00][000001A982FC83C0 49] iPhone6, [000001A98362EA00][000001A982FC4400 49] iPodTouch6, [000001A9835E1000][000001A982FD06C0 49] iPhone7, [000001A9835E1100][000001A982FCC700 49] iPodTouch7, [000001A98362CB00][000001A982FD4880 49] iPhone5S, [000001A9835E3600][000001A982FD8A00 49] iPhone6Plus, [000001A98362D400][000001A982FDCB80 49] iPhone6S, [000001A9835E2000][000001A982FE0D00 49] iPhone6SPlus, [000001A98362CF00][000001A982FE4E80 49] iPhone7Plus, [000001A9835E3C00][000001A982FE9000 49] iPhoneSE, [000001A98362DB00][000001A9FE1F7140 49] iPhone8, [000001A9835E2700][000001A982FED280 49] iPhone8Plus, [000001A98362C300][000001A982FF13C0 49] iPhoneX, [000001A9835E0300][000001A982FF9540 49] iPhoneXS, [000001A98362FA00][000001A982FFD6C0 49] iPhoneXSMax, [000001A9835E3A00][000001A983001840 49] iPhoneXR, [000001A98362DF00][000001A9830059C0 49] iPhone11, [000001A9835E2C00][000001A983009B40 49] iPhone11Pro, [000001A98362F600][000001A98300C140 49] iPhone11ProMax, [000001A9835E1400][000001A9830102C0 49] iPhoneSE2, [000001A98362C800][000001A983014440 49] iPhone12Mini, [000001A9835E1E00][000001A9830185C0 49] iPhone12, [000001A98362F000][000001A98301C740 49] iPhone12Pro, [000001A9835E1A00][000001A982C208C0 49] iPhone12ProMax, [000001A98362C100][000001A982C24A40 49] iPadPro105, [000001A9835E0500][000001A982C28BC0 49] iPadPro129, [000001A98362DC00][000001A982C2CD40 49] iPadPro97, [000001A9835E3100][000001A982C30EC0 49] iPadPro2_129, [000001A98362D000][000001A982C35040 49] iPad5, [000001A9835E3000][000001A982C391C0 49] iPad6, [000001A98362C500][000001A982FF5300 49] iPad7, [000001A9835E0600][000001A982C3D440 49] iPad8, [000001A98362D300][000001A982C41580 49] iPadPro11, [000001A9835E3800][000001A982C456C0 49] iPadPro2_11, [000001A98362F800][000001A982C4D840 49] iPadPro3_129, [000001A9835E0E00][000001A982C519C0 49] iPadPro4_129, [000001A98362E000][000001A982C55B40 49] AppleTV, [000001A9835E3900][000001A982C58140 49] AppleTV4K, [000001A98362E400][000001A982C5C2C0 49] TVOS, [000001A9835E1800][000001A982C60440 49] Mac, [000001A98362E900][000001A982C645C0 49] MacClient, [000001A9835E1300][000001A982C68740 49] MacNoEditor, [000001A98362D800][000001A9840308C0 49] MacServer, [000001A9835E0900][000001A984034A40 49] Linux, [000001A98362CD00][000001A984038BC0 49] LinuxAArch64, [000001A9835E3D00][000001A98403CD40 49] LinuxNoEditor, [000001A98362DA00][000001A984040EC0 49] LinuxAArch64NoEditor, [000001A9835E3700][000001A984045040 49] LinuxClient, [000001A9836B6000][000001A9840491C0 49] LinuxAArch64Client, [000001A9835F8500][000001A98404D340 49] LinuxServer, [000001A9836B6300][000001A982C49480 49] LinuxAArch64Server, [000001A9835F8900][000001A9840515C0 49] Android, [000001A9836B5B00][000001A984055700 49] Android_Low, [000001A9835F8C00][000001A984059840 49] Android_Mid, [000001A9836B4400][000001A9840619C0 49] Android_High, [000001A9835FA900][000001A984065B40 49] Android_Default, [000001A9836B5400][000001A984068140 49] Android_Adreno4xx, [000001A9835F9600][000001A98406C2C0 49] Android_Adreno5xx_Low, [000001A9836B6500][000001A984070440 49] Android_Adreno5xx, [000001A9835FB300][000001A9840745C0 49] Android_Adreno6xx, [000001A9836B4300][000001A984078740 49] Android_Adreno6xx_Vulkan, [000001A9835FAD00][000001A98407C8C0 49] Android_Mali_T6xx, [000001A9836B6A00][000001A984080A40 49] Android_Mali_T7xx, [000001A9835FBE00][000001A984084BC0 49] Android_Mali_T8xx, [000001A9836B6400][000001A984088D40 49] Android_Mali_G71, [000001A9835FA600][000001A98408CEC0 49] Android_Mali_G72, [000001A9836B5000][000001A984091040 49] Android_Mali_G72_Vulkan, [000001A9835FAC00][000001A9840951C0 49] Android_Mali_G76, [000001A9836B5100][000001A984099340 49] Android_Mali_G76_Vulkan, [000001A9835F9F00][000001A98409D4C0 49] Android_Mali_G77, [000001A9836B6900][000001A9840A1640 49] Android_Mali_G77_Vulkan, [000001A9835FAB00][000001A98405D780 49] Android_Mali_G78, [000001A9835E0100][000001A9840A58C0 49] Android_Mali_G78_Vulkan, [000001A98362D600][000001A9840A9A00 49] Android_Mali_G710, [000001A9835E3500][000001A9840B1B80 49] Android_Mali_G710_Vulkan, [000001A98362F400][000001A9840B4180 49] Android_Vulkan_SM5, [000001A9835E2E00][000001A9840B8300 49] Android_PowerVR_G6xxx, [000001A98362D200][000001A9840BC480 49] Android_PowerVR_GT7xxx, [000001A9836B4F00][000001A9840C0600 49] Android_PowerVR_GE8xxx, [000001A98362E500][000001A9840C4780 49] Android_PowerVR_GM9xxx, [000001A9836B4E00][000001A9840C8900 49] Android_PowerVR_GM9xxx_Vulkan, [000001A98362F900][000001A9840CCA80 49] Android_TegraK1, [000001A9836B5600][000001A9840D0C00 49] Android_Unknown_Vulkan, [000001A98362F300][000001A9840D4D80 49] Lumin, [000001A9836B4900][000001A9840D8F00 49] Lumin_Desktop, [000001A98362C600][000001A9840DD080 49] HoloLens, 
[2022.03.03-09.57.26:940][  0]LogMeshReduction: Using QuadricMeshReduction for automatic static mesh reduction
[2022.03.03-09.57.26:940][  0]LogMeshReduction: Using SimplygonMeshReduction for automatic skeletal mesh reduction
[2022.03.03-09.57.26:940][  0]LogMeshReduction: Using ProxyLODMeshReduction for automatic mesh merging
[2022.03.03-09.57.26:940][  0]LogMeshReduction: No distributed automatic mesh merging module available
[2022.03.03-09.57.26:940][  0]LogMeshMerging: No distributed automatic mesh merging module available
[2022.03.03-09.57.27:023][  0]LogNetVersion: Sausage_Simulator 1.0.0, NetCL: 17155196, EngineNetVer: 17, GameNetVer: 0 (Checksum: 1805982520)
[2022.03.03-09.57.27:106][  0]LogTexture: Warning: VolumeTexture /Engine/EngineSky/VolumetricClouds/T_VolumeNoiseErosion32.T_VolumeNoiseErosion32 cannot be created, rhi does not support format DXT1.
[2022.03.03-09.57.27:106][  0]LogTexture: Warning: VolumeTexture /Engine/EngineSky/VolumetricClouds/T_VolumeNoiseShape64.T_VolumeNoiseShape64 cannot be created, rhi does not support format DXT1.
[2022.03.03-09.57.27:322][  0]LogTexture: Default maximum texture size for cubemaps generated from long-lat sources has been changed from 512 to unlimited. In order to preserve old behaiour for '/Engine/MapTemplates/Sky/DaylightAmbientCubemap.DaylightAmbientCubemap', its maximum texture size has been explicitly set to 512.
[2022.03.03-09.57.27:383][  0]LogHMD: PokeAHoleMaterial loaded successfully
[2022.03.03-09.57.27:543][  0]LogMoviePlayer: Initializing movie player
[2022.03.03-09.57.27:792][  0]LogPython: Using Python 3.7.7
[2022.03.03-09.57.28:340][  0]LogUdpMessaging: Initializing bridge on interface 0.0.0.0:0 to multicast group 230.0.0.1:6666.
[2022.03.03-09.57.28:350][  0]LogTcpMessaging: Initializing TcpMessaging bridge
[2022.03.03-09.57.28:373][  0]LogNiagaraDebuggerClient: Niagara Debugger Client Initialized | Session: 7E7F96564C72A303A1ED738D02CECB92 | Instance: 9EAA4B154C27223CD87A3C9E1BE37E43 (DESKTOP-RROI739-11232).
[2022.03.03-09.57.28:400][  0]LogCollectionManager: Loaded 0 collections in 0.002248 seconds
[2022.03.03-09.57.28:404][  0]LogFileCache: Scanning file cache for directory 'C:/Users/maxim/Desktop/Sausage Simulator/Sausage-simulator/Sausage_Simulator/Saved/Collections/' took 0.00s
[2022.03.03-09.57.28:404][  0]LogFileCache: Scanning file cache for directory 'C:/Users/maxim/Desktop/Sausage Simulator/Sausage-simulator/Sausage_Simulator/Content/Developers/maxim/Collections/' took 0.00s
[2022.03.03-09.57.28:404][  0]LogFileCache: Scanning file cache for directory 'C:/Users/maxim/Desktop/Sausage Simulator/Sausage-simulator/Sausage_Simulator/Content/Collections/' took 0.00s
[2022.03.03-09.57.28:404][  0]LogCollectionManager: Fixed up redirectors for 0 collections in 0.000002 seconds (updated 0 objects)
[2022.03.03-09.57.28:576][  0]SourceControl: Source control is disabled
[2022.03.03-09.57.28:576][  0]SourceControl: Source control is disabled
[2022.03.03-09.57.28:581][  0]SourceControl: Source control is disabled
[2022.03.03-09.57.28:596][  0]LogUProjectInfo: Found projects:
[2022.03.03-09.57.28:738][  0]LogOpenImageDenoise: OIDN starting up
[2022.03.03-09.57.28:774][  0]LogAndroidPermission: UAndroidPermissionCallbackProxy::GetInstance
[2022.03.03-09.57.28:791][  0]LogAudioCaptureCore: Display: No Audio Capture implementations found. Audio input will be silent.
[2022.03.03-09.57.28:791][  0]LogAudioCaptureCore: Display: No Audio Capture implementations found. Audio input will be silent.
[2022.03.03-09.57.28:900][  0]LogOcInput: OculusInput pre-init called
[2022.03.03-09.57.28:913][  0]LogUObjectArray: 22125 objects as part of root set at end of initial load.
[2022.03.03-09.57.28:913][  0]LogUObjectAllocator: 5977632 out of 0 bytes used by permanent object pool.
[2022.03.03-09.57.28:913][  0]LogUObjectArray: CloseDisregardForGC: 0/0 objects in disregard for GC pool
[2022.03.03-09.57.28:973][  0]LogEngine: Initializing Engine...
[2022.03.03-09.57.28:976][  0]LogHMD: Failed to enumerate extensions. Please check that you have a valid OpenXR runtime installed.
[2022.03.03-09.57.28:976][  0]LogHMD: Failed to initialize OpenVR with code 110
[2022.03.03-09.57.28:976][  0]LogMagicLeap: Warning: VR disabled because ZI is not enabled.  To enable, in the editor, Edit -> Project Settings -> Plugins -> Magic Leap Plugin -> Enable Zero Iteration
[2022.03.03-09.57.28:978][  0]LogStats: UGameplayTagsManager::InitializeManager -  0.000 s
[2022.03.03-09.57.29:058][  0]LogInit: Initializing FReadOnlyCVARCache
[2022.03.03-09.57.29:058][  0]LogAudio: Display: Initializing Audio Device Manager...
[2022.03.03-09.57.29:065][  0]LogAudio: Display: Loading Default Audio Settings Objects...
[2022.03.03-09.57.29:065][  0]LogAudio: Display: No default SoundConcurrencyObject specified (or failed to load).
[2022.03.03-09.57.29:066][  0]LogAudio: Display: Audio Device Manager Initialized
[2022.03.03-09.57.29:066][  0]LogAudio: Display: Creating Audio Device:                 Id: 1, Scope: Shared, Realtime: True
[2022.03.03-09.57.29:066][  0]LogAudioMixer: Display: Audio Mixer Platform Settings:
[2022.03.03-09.57.29:066][  0]LogAudioMixer: Display: 	Sample Rate:						  48000
[2022.03.03-09.57.29:066][  0]LogAudioMixer: Display: 	Callback Buffer Frame Size Requested: 1024
[2022.03.03-09.57.29:066][  0]LogAudioMixer: Display: 	Callback Buffer Frame Size To Use:	  1024
[2022.03.03-09.57.29:066][  0]LogAudioMixer: Display: 	Number of buffers to queue:			  2
[2022.03.03-09.57.29:066][  0]LogAudioMixer: Display: 	Max Channels (voices):				  32
[2022.03.03-09.57.29:066][  0]LogAudioMixer: Display: 	Number of Async Source Workers:		  0
[2022.03.03-09.57.29:066][  0]LogAudio: Display: AudioDevice MaxSources: 32
[2022.03.03-09.57.29:066][  0]LogAudio: Display: Audio Spatialization Plugin: None (built-in).
[2022.03.03-09.57.29:066][  0]LogAudio: Display: Audio Reverb Plugin: None (built-in).
[2022.03.03-09.57.29:066][  0]LogAudio: Display: Audio Occlusion Plugin: None (built-in).
[2022.03.03-09.57.29:066][  0]LogAudioMixer: Display: Initializing audio mixer.
[2022.03.03-09.57.29:080][  0]LogAudioMixer: Display: 0: FrontLeft
[2022.03.03-09.57.29:080][  0]LogAudioMixer: Display: 1: FrontRight
[2022.03.03-09.57.29:097][  0]LogAudioMixer: Display: Using Audio Device Haut-parleurs (High Definition Audio Device)
[2022.03.03-09.57.29:099][  0]LogAudioMixer: Display: Initializing Sound Submixes...
[2022.03.03-09.57.29:101][  0]LogAudioMixer: Display: Creating Master Submix 'MasterSubmixDefault'
[2022.03.03-09.57.29:101][  0]LogAudioMixer: Display: Creating Master Submix 'MasterReverbSubmixDefault'
[2022.03.03-09.57.29:102][  0]LogAudioMixer: Display: Creating Master Submix 'MasterEQSubmixDefault'
[2022.03.03-09.57.29:102][  0]LogAudioMixer: FMixerPlatformXAudio2::StartAudioStream() called
[2022.03.03-09.57.29:102][  0]LogAudioMixer: Display: Output buffers initialized: Frames=1024, Channels=2, Samples=2048
[2022.03.03-09.57.29:103][  0]LogAudioMixer: Display: Starting AudioMixerPlatformInterface::RunInternal()
[2022.03.03-09.57.29:103][  0]LogAudioMixer: Display: FMixerPlatformXAudio2::SubmitBuffer() called for the first time
[2022.03.03-09.57.29:103][  0]LogInit: FAudioDevice initialized.
[2022.03.03-09.57.29:104][  0]LogNetVersion: Set ProjectVersion to 1.0.0.0. Version Checksum will be recalculated on next use.
[2022.03.03-09.57.29:107][  0]LogInit: Texture streaming: Enabled
[2022.03.03-09.57.29:173][  0]LogAudio: Display: Audio Device (ID: 1) registered with world 'Untitled'.
[2022.03.03-09.57.29:174][  0]LogSlate: Updating window title bar state: overlay mode, drag disabled, window buttons hidden, title bar hidden
[2022.03.03-09.57.29:174][  0]LogInit: Display: Game Engine Initialized.
[2022.03.03-09.57.29:174][  0]LogNiagaraEditor: GEditor isn't valid! Particle reset commands will not work for Niagara components!
[2022.03.03-09.57.29:289][  0]LogInit: Display: Starting Game.
[2022.03.03-09.57.29:290][  0]LogNet: Browse: /Game/World1/World1?Name=Player
[2022.03.03-09.57.29:290][  0]LogLoad: LoadMap: /Game/World1/World1?Name=Player
[2022.03.03-09.57.29:290][  0]LogWorld: BeginTearingDown for /Temp/Untitled_0
[2022.03.03-09.57.29:291][  0]LogWorld: UWorld::CleanupWorld for Untitled, bSessionEnded=true, bCleanupResources=true
[2022.03.03-09.57.29:291][  0]LogSlate: InvalidateAllWidgets triggered.  All widgets were invalidated
[2022.03.03-09.57.29:295][  0]LogAudio: Display: Audio Device unregistered from world 'None'.
[2022.03.03-09.57.29:298][  0]LogUObjectHash: Compacting FUObjectHashTables data took   0.79ms
[2022.03.03-09.57.29:363][  0]LogAudio: Display: Audio Device (ID: 1) registered with world 'World1'.
[2022.03.03-09.57.29:371][  0]LogAIModule: Creating AISystem for world World1
[2022.03.03-09.57.29:371][  0]LogLoad: Game class is 'World1_Gamemode_C'
[2022.03.03-09.57.29:373][  0]LogWorld: Bringing World /Game/World1/World1.World1 up for play (max tick rate 0) at 2022.03.03-10.57.29
[2022.03.03-09.57.29:374][  0]LogWorld: Bringing up level for play took: 0.001832
[2022.03.03-09.57.29:374][  0]LogGameMode: FindPlayerStart: PATHS NOT DEFINED or NO PLAYERSTART with positive rating
[2022.03.03-09.57.29:380][  0]LogViewport: Display: Player bShowMouseCursor Changed, False -> True
[2022.03.03-09.57.29:380][  0]LogLoad: Took 0.089444 seconds to LoadMap(/Game/World1/World1)
[2022.03.03-09.57.29:405][  0]LogSlate: Took 0.000208 seconds to synchronously load lazily loaded font '../../../Engine/Content/Slate/Fonts/Roboto-Regular.ttf' (155K)
[2022.03.03-09.57.29:429][  0]LogRenderer: Reallocating scene render targets to support 408x856 Format 10 NumSamples 1 (Frame:1).
[2022.03.03-09.57.29:429][  0]LogInit: Display: Engine is initialized. Leaving FEngineLoop::Init()
[2022.03.03-09.57.29:429][  0]LogLoad: (Engine Initialization) Total time: 6.34 seconds
[2022.03.03-09.57.29:429][  0]LogLoad: (Engine Initialization) Total Blueprint compile time: 0.00 seconds
[2022.03.03-09.57.29:431][  0]LogContentStreaming: Texture pool size now 1000 MB
[2022.03.03-09.57.29:433][  0]LogSlate: InvalidateAllWidgets triggered.  All widgets were invalidated
[2022.03.03-09.57.29:442][  1]LogSlate: Took 0.000284 seconds to synchronously load lazily loaded font '../../../Engine/Content/Slate/Fonts/Roboto-Regular.ttf' (155K)
